{"D:\\qkenn\\workspace\\RentConnect\\src\\backend\\index.js": {"path":"D:\\qkenn\\workspace\\RentConnect\\src\\backend\\index.js","statementMap":{"0":{"start":{"line":1,"column":14},"end":{"line":1,"column":0}},"1":{"start":{"line":4,"column":2},"end":{"line":null,"column":-1}},"2":{"start":{"line":5,"column":2},"end":{"line":null,"column":-1}},"3":{"start":{"line":8,"column":13},"end":{"line":8,"column":0}},"4":{"start":{"line":9,"column":0},"end":{"line":null,"column":-1}},"5":{"start":{"line":10,"column":0},"end":{"line":null,"column":-1}},"6":{"start":{"line":12,"column":0},"end":{"line":null,"column":-1}},"7":{"start":{"line":18,"column":0},"end":{"line":null,"column":-1}},"8":{"start":{"line":24,"column":0},"end":{"line":null,"column":-1}},"9":{"start":{"line":25,"column":2},"end":{"line":null,"column":-1}}},"fnMap":{"0":{"name":"respond","decl":{"start":{"line":3,"column":9},"end":{"line":3,"column":0}},"loc":{"start":{"line":3,"column":33},"end":{"line":6,"column":1}}},"1":{"name":"(anonymous_1)","decl":{"start":{"line":13,"column":2},"end":{"line":13,"column":10}},"loc":{"start":{"line":13,"column":27},"end":{"line":12,"column":0}}},"2":{"name":"(anonymous_2)","decl":{"start":{"line":19,"column":2},"end":{"line":19,"column":10}},"loc":{"start":{"line":19,"column":27},"end":{"line":18,"column":0}}},"3":{"name":"(anonymous_3)","decl":{"start":{"line":24,"column":20},"end":{"line":24,"column":30}},"loc":{"start":{"line":24,"column":31},"end":{"line":24,"column":0}}}},"branchMap":{},"s":{"0":0,"1":0,"2":0,"3":0,"4":0,"5":0,"6":0,"7":0,"8":0,"9":0},"f":{"0":0,"1":0,"2":0,"3":0},"b":{}}
,"D:\\qkenn\\workspace\\RentConnect\\src\\backend\\userFactory.js": {"path":"D:\\qkenn\\workspace\\RentConnect\\src\\backend\\userFactory.js","statementMap":{"0":{"start":{"line":10,"column":12},"end":{"line":10,"column":28}},"1":{"start":{"line":12,"column":17},"end":{"line":17,"column":2}},"2":{"start":{"line":18,"column":0},"end":{"line":64,"column":1}},"3":{"start":{"line":21,"column":4},"end":{"line":21,"column":25}},"4":{"start":{"line":23,"column":4},"end":{"line":28,"column":7}},"5":{"start":{"line":25,"column":6},"end":{"line":25,"column":29}},"6":{"start":{"line":25,"column":17},"end":{"line":25,"column":29}},"7":{"start":{"line":26,"column":6},"end":{"line":26,"column":47}},"8":{"start":{"line":27,"column":6},"end":{"line":27,"column":23}},"9":{"start":{"line":29,"column":4},"end":{"line":29,"column":21}},"10":{"start":{"line":30,"column":4},"end":{"line":30,"column":15}},"11":{"start":{"line":35,"column":4},"end":{"line":35,"column":25}},"12":{"start":{"line":36,"column":18},"end":{"line":41,"column":6}},"13":{"start":{"line":40,"column":6},"end":{"line":40,"column":29}},"14":{"start":{"line":40,"column":17},"end":{"line":40,"column":29}},"15":{"start":{"line":42,"column":4},"end":{"line":42,"column":28}},"16":{"start":{"line":43,"column":4},"end":{"line":43,"column":21}},"17":{"start":{"line":44,"column":4},"end":{"line":44,"column":22}},"18":{"start":{"line":48,"column":4},"end":{"line":61,"column":5}},"19":{"start":{"line":50,"column":8},"end":{"line":50,"column":28}},"20":{"start":{"line":51,"column":8},"end":{"line":51,"column":14}},"21":{"start":{"line":53,"column":8},"end":{"line":53,"column":30}},"22":{"start":{"line":54,"column":8},"end":{"line":54,"column":14}},"23":{"start":{"line":56,"column":8},"end":{"line":56,"column":39}},"24":{"start":{"line":57,"column":8},"end":{"line":57,"column":14}},"25":{"start":{"line":59,"column":8},"end":{"line":59,"column":37}},"26":{"start":{"line":60,"column":8},"end":{"line":60,"column":14}},"27":{"start":{"line":62,"column":4},"end":{"line":62,"column":15}}},"fnMap":{"0":{"name":"(anonymous_0)","decl":{"start":{"line":20,"column":15},"end":{"line":20,"column":16}},"loc":{"start":{"line":20,"column":34},"end":{"line":31,"column":3}},"line":20},"1":{"name":"(anonymous_1)","decl":{"start":{"line":24,"column":5},"end":{"line":24,"column":6}},"loc":{"start":{"line":24,"column":39},"end":{"line":28,"column":5}},"line":24},"2":{"name":"(anonymous_2)","decl":{"start":{"line":34,"column":14},"end":{"line":34,"column":15}},"loc":{"start":{"line":34,"column":35},"end":{"line":45,"column":3}},"line":34},"3":{"name":"(anonymous_3)","decl":{"start":{"line":39,"column":5},"end":{"line":39,"column":6}},"loc":{"start":{"line":39,"column":39},"end":{"line":41,"column":5}},"line":39},"4":{"name":"(anonymous_4)","decl":{"start":{"line":47,"column":15},"end":{"line":47,"column":16}},"loc":{"start":{"line":47,"column":30},"end":{"line":63,"column":3}},"line":47}},"branchMap":{"0":{"loc":{"start":{"line":25,"column":6},"end":{"line":25,"column":29}},"type":"if","locations":[{"start":{"line":25,"column":6},"end":{"line":25,"column":29}},{"start":{"line":25,"column":6},"end":{"line":25,"column":29}}],"line":25},"1":{"loc":{"start":{"line":40,"column":6},"end":{"line":40,"column":29}},"type":"if","locations":[{"start":{"line":40,"column":6},"end":{"line":40,"column":29}},{"start":{"line":40,"column":6},"end":{"line":40,"column":29}}],"line":40},"2":{"loc":{"start":{"line":48,"column":4},"end":{"line":61,"column":5}},"type":"switch","locations":[{"start":{"line":49,"column":6},"end":{"line":51,"column":14}},{"start":{"line":52,"column":6},"end":{"line":54,"column":14}},{"start":{"line":55,"column":6},"end":{"line":57,"column":14}},{"start":{"line":58,"column":6},"end":{"line":60,"column":14}}],"line":48}},"s":{"0":1,"1":1,"2":1,"3":0,"4":0,"5":0,"6":0,"7":0,"8":0,"9":0,"10":0,"11":0,"12":0,"13":0,"14":0,"15":0,"16":0,"17":0,"18":1,"19":1,"20":1,"21":0,"22":0,"23":0,"24":0,"25":0,"26":0,"27":1},"f":{"0":0,"1":0,"2":0,"3":0,"4":1},"b":{"0":[0,0],"1":[0,0],"2":[1,0,0,0]},"_coverageSchema":"332fd63041d2c1bcb487cc26dd0d5f7d97098a6c","hash":"ee61699105cadc52d48d987a0a41bac35c5f33d2"}
,"D:\\qkenn\\workspace\\RentConnect\\src\\components\\IndexPage.vue": {"path":"D:\\qkenn\\workspace\\RentConnect\\src\\components\\IndexPage.vue","statementMap":{"0":{"start":{"line":5,"column":4},"end":{"line":null,"column":-1}}},"fnMap":{"0":{"name":"data","decl":{"start":{"line":2,"column":15},"end":{"line":4,"column":9}},"loc":{"start":{"line":4,"column":10},"end":{"line":8,"column":3}}}},"branchMap":{},"s":{"0":0},"f":{"0":0},"b":{}}
,"D:\\qkenn\\workspace\\RentConnect\\src\\components\\LoginPage.vue": {"path":"D:\\qkenn\\workspace\\RentConnect\\src\\components\\LoginPage.vue","statementMap":{"0":{"start":{"line":2,"column":0},"end":{"line":null,"column":-1}},"1":{"start":{"line":7,"column":4},"end":{"line":null,"column":-1}},"2":{"start":{"line":26,"column":0},"end":{"line":null,"column":-1}}},"fnMap":{"0":{"name":"data","decl":{"start":{"line":4,"column":15},"end":{"line":6,"column":9}},"loc":{"start":{"line":6,"column":10},"end":{"line":23,"column":3}}}},"branchMap":{},"s":{"0":0,"1":0,"2":0},"f":{"0":0},"b":{}}
,"D:\\qkenn\\workspace\\RentConnect\\src\\components\\RegisterPage.vue": {"path":"D:\\qkenn\\workspace\\RentConnect\\src\\components\\RegisterPage.vue","statementMap":{"0":{"start":{"line":2,"column":0},"end":{"line":null,"column":-1}},"1":{"start":{"line":7,"column":4},"end":{"line":null,"column":-1}},"2":{"start":{"line":50,"column":0},"end":{"line":null,"column":-1}}},"fnMap":{"0":{"name":"data","decl":{"start":{"line":4,"column":15},"end":{"line":6,"column":9}},"loc":{"start":{"line":6,"column":10},"end":{"line":47,"column":3}}}},"branchMap":{},"s":{"0":0,"1":0,"2":0},"f":{"0":0},"b":{}}
}
