{"/home/jacob/Node/RentConnect/src/backend/database.js": {"path":"/home/jacob/Node/RentConnect/src/backend/database.js","statementMap":{"0":{"start":{"line":1,"column":14},"end":{"line":1,"column":0}},"1":{"start":{"line":4,"column":24},"end":{"line":null,"column":-1}},"2":{"start":{"line":5,"column":6},"end":{"line":null,"column":-1}},"3":{"start":{"line":8,"column":6},"end":{"line":null,"column":-1}},"4":{"start":{"line":10,"column":23},"end":{"line":null,"column":-1}},"5":{"start":{"line":11,"column":8},"end":{"line":null,"column":-1}},"6":{"start":{"line":12,"column":12},"end":{"line":null,"column":-1}},"7":{"start":{"line":13,"column":16},"end":{"line":14,"column":20}},"8":{"start":{"line":14,"column":20},"end":{"line":null,"column":-1}},"9":{"start":{"line":15,"column":16},"end":{"line":null,"column":-1}},"10":{"start":{"line":19,"column":12},"end":{"line":null,"column":-1}},"11":{"start":{"line":20,"column":8},"end":{"line":null,"column":-1}},"12":{"start":{"line":21,"column":12},"end":{"line":null,"column":-1}},"13":{"start":{"line":22,"column":16},"end":{"line":23,"column":20}},"14":{"start":{"line":23,"column":20},"end":{"line":null,"column":-1}},"15":{"start":{"line":24,"column":16},"end":{"line":null,"column":-1}},"16":{"start":{"line":30,"column":19},"end":{"line":30,"column":6}},"17":{"start":{"line":31,"column":6},"end":{"line":36,"column":7}},"18":{"start":{"line":32,"column":8},"end":{"line":null,"column":-1}},"19":{"start":{"line":33,"column":8},"end":{"line":35,"column":9}},"20":{"start":{"line":34,"column":10},"end":{"line":null,"column":-1}},"21":{"start":{"line":37,"column":6},"end":{"line":null,"column":-1}},"22":{"start":{"line":38,"column":6},"end":{"line":null,"column":-1}},"23":{"start":{"line":45,"column":0},"end":{"line":null,"column":-1}}},"fnMap":{"0":{"name":"(anonymous_5)","decl":{"start":{"line":11,"column":28},"end":{"line":11,"column":29}},"loc":{"start":{"line":11,"column":51},"end":{"line":11,"column":15}}},"1":{"name":"(anonymous_6)","decl":{"start":{"line":12,"column":46},"end":{"line":12,"column":47}},"loc":{"start":{"line":12,"column":63},"end":{"line":12,"column":12}}},"2":{"name":"(anonymous_8)","decl":{"start":{"line":20,"column":28},"end":{"line":20,"column":29}},"loc":{"start":{"line":20,"column":51},"end":{"line":20,"column":15}}},"3":{"name":"(anonymous_9)","decl":{"start":{"line":21,"column":33},"end":{"line":21,"column":39}},"loc":{"start":{"line":21,"column":40},"end":{"line":21,"column":12}}}},"branchMap":{"0":{"loc":{"start":{"line":13,"column":16},"end":{"line":14,"column":20}},"type":"if","locations":[{"start":{"line":13,"column":16},"end":{"line":14,"column":20}},{"start":{"line":13,"column":16},"end":{"line":14,"column":20}}]},"1":{"loc":{"start":{"line":22,"column":16},"end":{"line":23,"column":20}},"type":"if","locations":[{"start":{"line":22,"column":16},"end":{"line":23,"column":20}},{"start":{"line":22,"column":16},"end":{"line":23,"column":20}}]},"2":{"loc":{"start":{"line":33,"column":8},"end":{"line":35,"column":9}},"type":"if","locations":[{"start":{"line":33,"column":8},"end":{"line":35,"column":9}},{"start":{"line":33,"column":8},"end":{"line":35,"column":9}}]}},"s":{"0":0,"1":0,"2":0,"3":0,"4":0,"5":0,"6":0,"7":0,"8":0,"9":0,"10":0,"11":0,"12":0,"13":0,"14":0,"15":0,"16":0,"17":0,"18":0,"19":0,"20":0,"21":0,"22":0,"23":0},"f":{"0":0,"1":0,"2":0,"3":0},"b":{"0":[0,0],"1":[0,0],"2":[0,0]}}
,"/home/jacob/Node/RentConnect/src/backend/documentFactory.js": {"path":"/home/jacob/Node/RentConnect/src/backend/documentFactory.js","statementMap":{"0":{"start":{"line":1,"column":12},"end":{"line":1,"column":0}},"1":{"start":{"line":2,"column":15},"end":{"line":2,"column":0}},"2":{"start":{"line":3,"column":20},"end":{"line":3,"column":0}},"3":{"start":{"line":4,"column":24},"end":{"line":4,"column":0}},"4":{"start":{"line":6,"column":15},"end":{"line":6,"column":0}},"5":{"start":{"line":12,"column":0},"end":{"line":null,"column":-1}},"6":{"start":{"line":15,"column":8},"end":{"line":15,"column":4}},"7":{"start":{"line":16,"column":6},"end":{"line":null,"column":-1}},"8":{"start":{"line":17,"column":6},"end":{"line":null,"column":-1}},"9":{"start":{"line":18,"column":8},"end":{"line":null,"column":-1}},"10":{"start":{"line":19,"column":8},"end":{"line":null,"column":-1}},"11":{"start":{"line":22,"column":6},"end":{"line":null,"column":-1}},"12":{"start":{"line":27,"column":4},"end":{"line":null,"column":-1}},"13":{"start":{"line":28,"column":20},"end":{"line":28,"column":4}},"14":{"start":{"line":29,"column":4},"end":{"line":null,"column":-1}},"15":{"start":{"line":33,"column":6},"end":{"line":null,"column":-1}},"16":{"start":{"line":38,"column":4},"end":{"line":null,"column":-1}},"17":{"start":{"line":39,"column":4},"end":{"line":null,"column":-1}},"18":{"start":{"line":41,"column":6},"end":{"line":null,"column":-1}},"19":{"start":{"line":43,"column":6},"end":{"line":null,"column":-1}}},"fnMap":{"0":{"name":"getDocumentById","decl":{"start":{"line":14,"column":19},"end":{"line":14,"column":27}},"loc":{"start":{"line":14,"column":32},"end":{"line":12,"column":17}}},"1":{"name":"(anonymous_1)","decl":{"start":{"line":17,"column":80},"end":{"line":17,"column":87}},"loc":{"start":{"line":17,"column":88},"end":{"line":17,"column":13}}},"2":{"name":"(anonymous_2)","decl":{"start":{"line":21,"column":13},"end":{"line":21,"column":18}},"loc":{"start":{"line":21,"column":19},"end":{"line":17,"column":13}}},"3":{"name":"createDocument","decl":{"start":{"line":26,"column":18},"end":{"line":26,"column":26}},"loc":{"start":{"line":26,"column":60},"end":{"line":12,"column":17}}},"4":{"name":"(anonymous_4)","decl":{"start":{"line":32,"column":77},"end":{"line":32,"column":82}},"loc":{"start":{"line":32,"column":83},"end":{"line":29,"column":11}}},"5":{"name":"deleteDocument","decl":{"start":{"line":37,"column":18},"end":{"line":37,"column":26}},"loc":{"start":{"line":37,"column":31},"end":{"line":12,"column":17}}},"6":{"name":"(anonymous_6)","decl":{"start":{"line":40,"column":42},"end":{"line":40,"column":49}},"loc":{"start":{"line":40,"column":50},"end":{"line":39,"column":11}}}},"branchMap":{},"s":{"0":0,"1":0,"2":0,"3":0,"4":0,"5":0,"6":0,"7":0,"8":0,"9":0,"10":0,"11":0,"12":0,"13":0,"14":0,"15":0,"16":0,"17":0,"18":0,"19":0},"f":{"0":0,"1":0,"2":0,"3":0,"4":0,"5":0,"6":0},"b":{}}
,"/home/jacob/Node/RentConnect/src/backend/index.js": {"path":"/home/jacob/Node/RentConnect/src/backend/index.js","statementMap":{"0":{"start":{"line":1,"column":14},"end":{"line":1,"column":0}},"1":{"start":{"line":2,"column":20},"end":{"line":2,"column":0}},"2":{"start":{"line":3,"column":24},"end":{"line":3,"column":0}},"3":{"start":{"line":4,"column":24},"end":{"line":4,"column":0}},"4":{"start":{"line":7,"column":2},"end":{"line":null,"column":-1}},"5":{"start":{"line":8,"column":2},"end":{"line":null,"column":-1}},"6":{"start":{"line":11,"column":13},"end":{"line":11,"column":0}},"7":{"start":{"line":13,"column":0},"end":{"line":null,"column":-1}},"8":{"start":{"line":15,"column":14},"end":{"line":15,"column":0}},"9":{"start":{"line":18,"column":0},"end":{"line":null,"column":-1}},"10":{"start":{"line":21,"column":4},"end":{"line":43,"column":5}},"11":{"start":{"line":22,"column":6},"end":{"line":null,"column":-1}},"12":{"start":{"line":23,"column":6},"end":{"line":null,"column":-1}},"13":{"start":{"line":27,"column":11},"end":{"line":43,"column":5}},"14":{"start":{"line":28,"column":6},"end":{"line":null,"column":-1}},"15":{"start":{"line":29,"column":6},"end":{"line":null,"column":-1}},"16":{"start":{"line":33,"column":11},"end":{"line":43,"column":5}},"17":{"start":{"line":34,"column":6},"end":{"line":null,"column":-1}},"18":{"start":{"line":35,"column":6},"end":{"line":null,"column":-1}},"19":{"start":{"line":40,"column":6},"end":{"line":null,"column":-1}},"20":{"start":{"line":48,"column":0},"end":{"line":null,"column":-1}},"21":{"start":{"line":51,"column":4},"end":{"line":80,"column":5}},"22":{"start":{"line":52,"column":6},"end":{"line":null,"column":-1}},"23":{"start":{"line":53,"column":6},"end":{"line":null,"column":-1}},"24":{"start":{"line":59,"column":11},"end":{"line":80,"column":5}},"25":{"start":{"line":60,"column":6},"end":{"line":null,"column":-1}},"26":{"start":{"line":61,"column":6},"end":{"line":null,"column":-1}},"27":{"start":{"line":67,"column":11},"end":{"line":80,"column":5}},"28":{"start":{"line":68,"column":6},"end":{"line":null,"column":-1}},"29":{"start":{"line":69,"column":6},"end":{"line":null,"column":-1}},"30":{"start":{"line":76,"column":6},"end":{"line":null,"column":-1}},"31":{"start":{"line":77,"column":6},"end":{"line":null,"column":-1}},"32":{"start":{"line":87,"column":0},"end":{"line":null,"column":-1}},"33":{"start":{"line":91,"column":2},"end":{"line":null,"column":-1}},"34":{"start":{"line":92,"column":4},"end":{"line":null,"column":-1}},"35":{"start":{"line":93,"column":4},"end":{"line":null,"column":-1}},"36":{"start":{"line":98,"column":0},"end":{"line":null,"column":-1}},"37":{"start":{"line":100,"column":4},"end":{"line":null,"column":-1}},"38":{"start":{"line":101,"column":4},"end":{"line":null,"column":-1}},"39":{"start":{"line":102,"column":4},"end":{"line":null,"column":-1}},"40":{"start":{"line":111,"column":0},"end":{"line":null,"column":-1}},"41":{"start":{"line":113,"column":2},"end":{"line":null,"column":-1}},"42":{"start":{"line":114,"column":4},"end":{"line":null,"column":-1}},"43":{"start":{"line":115,"column":4},"end":{"line":null,"column":-1}},"44":{"start":{"line":123,"column":0},"end":{"line":null,"column":-1}},"45":{"start":{"line":139,"column":2},"end":{"line":null,"column":-1}},"46":{"start":{"line":146,"column":2},"end":{"line":null,"column":-1}},"47":{"start":{"line":151,"column":0},"end":{"line":null,"column":-1}},"48":{"start":{"line":153,"column":4},"end":{"line":null,"column":-1}},"49":{"start":{"line":154,"column":6},"end":{"line":null,"column":-1}},"50":{"start":{"line":155,"column":6},"end":{"line":null,"column":-1}},"51":{"start":{"line":159,"column":0},"end":{"line":null,"column":-1}},"52":{"start":{"line":161,"column":2},"end":{"line":null,"column":-1}},"53":{"start":{"line":162,"column":4},"end":{"line":null,"column":-1}},"54":{"start":{"line":163,"column":4},"end":{"line":null,"column":-1}},"55":{"start":{"line":167,"column":0},"end":{"line":null,"column":-1}},"56":{"start":{"line":169,"column":2},"end":{"line":null,"column":-1}},"57":{"start":{"line":170,"column":4},"end":{"line":null,"column":-1}},"58":{"start":{"line":171,"column":4},"end":{"line":null,"column":-1}},"59":{"start":{"line":177,"column":0},"end":{"line":null,"column":-1}},"60":{"start":{"line":185,"column":2},"end":{"line":null,"column":-1}},"61":{"start":{"line":193,"column":0},"end":{"line":null,"column":-1}},"62":{"start":{"line":198,"column":4},"end":{"line":null,"column":-1}},"63":{"start":{"line":199,"column":6},"end":{"line":null,"column":-1}},"64":{"start":{"line":200,"column":6},"end":{"line":null,"column":-1}},"65":{"start":{"line":204,"column":0},"end":{"line":null,"column":-1}},"66":{"start":{"line":206,"column":2},"end":{"line":null,"column":-1}},"67":{"start":{"line":207,"column":4},"end":{"line":null,"column":-1}},"68":{"start":{"line":208,"column":4},"end":{"line":null,"column":-1}},"69":{"start":{"line":213,"column":0},"end":{"line":null,"column":-1}},"70":{"start":{"line":215,"column":4},"end":{"line":null,"column":-1}},"71":{"start":{"line":243,"column":0},"end":{"line":null,"column":-1}},"72":{"start":{"line":245,"column":4},"end":{"line":null,"column":-1}},"73":{"start":{"line":270,"column":0},"end":{"line":null,"column":-1}},"74":{"start":{"line":272,"column":4},"end":{"line":null,"column":-1}},"75":{"start":{"line":298,"column":0},"end":{"line":null,"column":-1}},"76":{"start":{"line":300,"column":4},"end":{"line":null,"column":-1}},"77":{"start":{"line":319,"column":0},"end":{"line":null,"column":-1}},"78":{"start":{"line":321,"column":4},"end":{"line":null,"column":-1}},"79":{"start":{"line":336,"column":0},"end":{"line":null,"column":-1}},"80":{"start":{"line":337,"column":2},"end":{"line":null,"column":-1}}},"fnMap":{"0":{"name":"respond","decl":{"start":{"line":6,"column":9},"end":{"line":6,"column":0}},"loc":{"start":{"line":6,"column":33},"end":{"line":9,"column":1}}},"1":{"name":"(anonymous_2)","decl":{"start":{"line":19,"column":2},"end":{"line":19,"column":10}},"loc":{"start":{"line":19,"column":27},"end":{"line":18,"column":0}}},"2":{"name":"(anonymous_3)","decl":{"start":{"line":49,"column":2},"end":{"line":49,"column":10}},"loc":{"start":{"line":49,"column":27},"end":{"line":48,"column":0}}},"3":{"name":"(anonymous_4)","decl":{"start":{"line":88,"column":2},"end":{"line":88,"column":10}},"loc":{"start":{"line":88,"column":27},"end":{"line":87,"column":0}}},"4":{"name":"(anonymous_5)","decl":{"start":{"line":91,"column":46},"end":{"line":91,"column":53}},"loc":{"start":{"line":91,"column":54},"end":{"line":91,"column":2}}},"5":{"name":"(anonymous_6)","decl":{"start":{"line":99,"column":2},"end":{"line":99,"column":10}},"loc":{"start":{"line":99,"column":27},"end":{"line":98,"column":0}}},"6":{"name":"(anonymous_7)","decl":{"start":{"line":112,"column":2},"end":{"line":112,"column":10}},"loc":{"start":{"line":112,"column":27},"end":{"line":111,"column":0}}},"7":{"name":"(anonymous_8)","decl":{"start":{"line":113,"column":42},"end":{"line":113,"column":47}},"loc":{"start":{"line":113,"column":48},"end":{"line":113,"column":2}}},"8":{"name":"(anonymous_9)","decl":{"start":{"line":124,"column":2},"end":{"line":124,"column":10}},"loc":{"start":{"line":124,"column":27},"end":{"line":123,"column":0}}},"9":{"name":"(anonymous_10)","decl":{"start":{"line":152,"column":2},"end":{"line":152,"column":10}},"loc":{"start":{"line":152,"column":27},"end":{"line":151,"column":0}}},"10":{"name":"(anonymous_11)","decl":{"start":{"line":153,"column":70},"end":{"line":153,"column":80}},"loc":{"start":{"line":153,"column":81},"end":{"line":153,"column":4}}},"11":{"name":"(anonymous_12)","decl":{"start":{"line":160,"column":0},"end":{"line":160,"column":8}},"loc":{"start":{"line":160,"column":25},"end":{"line":159,"column":0}}},"12":{"name":"(anonymous_13)","decl":{"start":{"line":161,"column":73},"end":{"line":161,"column":78}},"loc":{"start":{"line":161,"column":79},"end":{"line":161,"column":2}}},"13":{"name":"(anonymous_14)","decl":{"start":{"line":168,"column":0},"end":{"line":168,"column":8}},"loc":{"start":{"line":168,"column":25},"end":{"line":167,"column":0}}},"14":{"name":"(anonymous_15)","decl":{"start":{"line":169,"column":76},"end":{"line":169,"column":81}},"loc":{"start":{"line":169,"column":82},"end":{"line":169,"column":2}}},"15":{"name":"(anonymous_16)","decl":{"start":{"line":178,"column":2},"end":{"line":178,"column":10}},"loc":{"start":{"line":178,"column":27},"end":{"line":177,"column":0}}},"16":{"name":"(anonymous_17)","decl":{"start":{"line":194,"column":2},"end":{"line":194,"column":10}},"loc":{"start":{"line":194,"column":27},"end":{"line":193,"column":0}}},"17":{"name":"(anonymous_18)","decl":{"start":{"line":198,"column":70},"end":{"line":198,"column":75}},"loc":{"start":{"line":198,"column":76},"end":{"line":198,"column":4}}},"18":{"name":"(anonymous_19)","decl":{"start":{"line":205,"column":2},"end":{"line":205,"column":10}},"loc":{"start":{"line":205,"column":27},"end":{"line":204,"column":0}}},"19":{"name":"(anonymous_20)","decl":{"start":{"line":206,"column":56},"end":{"line":206,"column":61}},"loc":{"start":{"line":206,"column":62},"end":{"line":206,"column":2}}},"20":{"name":"(anonymous_21)","decl":{"start":{"line":214,"column":2},"end":{"line":214,"column":11}},"loc":{"start":{"line":214,"column":28},"end":{"line":213,"column":0}}},"21":{"name":"(anonymous_22)","decl":{"start":{"line":244,"column":2},"end":{"line":244,"column":11}},"loc":{"start":{"line":244,"column":28},"end":{"line":243,"column":0}}},"22":{"name":"(anonymous_23)","decl":{"start":{"line":271,"column":2},"end":{"line":271,"column":11}},"loc":{"start":{"line":271,"column":28},"end":{"line":270,"column":0}}},"23":{"name":"(anonymous_24)","decl":{"start":{"line":299,"column":2},"end":{"line":299,"column":11}},"loc":{"start":{"line":299,"column":28},"end":{"line":298,"column":0}}},"24":{"name":"(anonymous_25)","decl":{"start":{"line":320,"column":2},"end":{"line":320,"column":11}},"loc":{"start":{"line":320,"column":28},"end":{"line":319,"column":0}}},"25":{"name":"(anonymous_26)","decl":{"start":{"line":336,"column":20},"end":{"line":336,"column":30}},"loc":{"start":{"line":336,"column":31},"end":{"line":336,"column":0}}}},"branchMap":{"0":{"loc":{"start":{"line":21,"column":4},"end":{"line":43,"column":5}},"type":"if","locations":[{"start":{"line":21,"column":4},"end":{"line":43,"column":5}},{"start":{"line":21,"column":4},"end":{"line":43,"column":5}}]},"1":{"loc":{"start":{"line":27,"column":11},"end":{"line":43,"column":5}},"type":"if","locations":[{"start":{"line":27,"column":11},"end":{"line":43,"column":5}},{"start":{"line":27,"column":11},"end":{"line":43,"column":5}}]},"2":{"loc":{"start":{"line":33,"column":11},"end":{"line":43,"column":5}},"type":"if","locations":[{"start":{"line":33,"column":11},"end":{"line":43,"column":5}},{"start":{"line":33,"column":11},"end":{"line":43,"column":5}}]},"3":{"loc":{"start":{"line":51,"column":4},"end":{"line":80,"column":5}},"type":"if","locations":[{"start":{"line":51,"column":4},"end":{"line":80,"column":5}},{"start":{"line":51,"column":4},"end":{"line":80,"column":5}}]},"4":{"loc":{"start":{"line":59,"column":11},"end":{"line":80,"column":5}},"type":"if","locations":[{"start":{"line":59,"column":11},"end":{"line":80,"column":5}},{"start":{"line":59,"column":11},"end":{"line":80,"column":5}}]},"5":{"loc":{"start":{"line":67,"column":11},"end":{"line":80,"column":5}},"type":"if","locations":[{"start":{"line":67,"column":11},"end":{"line":80,"column":5}},{"start":{"line":67,"column":11},"end":{"line":80,"column":5}}]}},"s":{"0":0,"1":0,"2":0,"3":0,"4":0,"5":0,"6":0,"7":0,"8":0,"9":0,"10":0,"11":0,"12":0,"13":0,"14":0,"15":0,"16":0,"17":0,"18":0,"19":0,"20":0,"21":0,"22":0,"23":0,"24":0,"25":0,"26":0,"27":0,"28":0,"29":0,"30":0,"31":0,"32":0,"33":0,"34":0,"35":0,"36":0,"37":0,"38":0,"39":0,"40":0,"41":0,"42":0,"43":0,"44":0,"45":0,"46":0,"47":0,"48":0,"49":0,"50":0,"51":0,"52":0,"53":0,"54":0,"55":0,"56":0,"57":0,"58":0,"59":0,"60":0,"61":0,"62":0,"63":0,"64":0,"65":0,"66":0,"67":0,"68":0,"69":0,"70":0,"71":0,"72":0,"73":0,"74":0,"75":0,"76":0,"77":0,"78":0,"79":0,"80":0},"f":{"0":0,"1":0,"2":0,"3":0,"4":0,"5":0,"6":0,"7":0,"8":0,"9":0,"10":0,"11":0,"12":0,"13":0,"14":0,"15":0,"16":0,"17":0,"18":0,"19":0,"20":0,"21":0,"22":0,"23":0,"24":0,"25":0},"b":{"0":[0,0],"1":[0,0],"2":[0,0],"3":[0,0],"4":[0,0],"5":[0,0]}}
,"/home/jacob/Node/RentConnect/src/backend/propertyFactory.js": {"path":"/home/jacob/Node/RentConnect/src/backend/propertyFactory.js","statementMap":{"0":{"start":{"line":1,"column":12},"end":{"line":1,"column":0}},"1":{"start":{"line":2,"column":15},"end":{"line":2,"column":0}},"2":{"start":{"line":3,"column":20},"end":{"line":3,"column":0}},"3":{"start":{"line":5,"column":15},"end":{"line":5,"column":0}},"4":{"start":{"line":11,"column":0},"end":{"line":null,"column":-1}},"5":{"start":{"line":14,"column":8},"end":{"line":14,"column":4}},"6":{"start":{"line":15,"column":6},"end":{"line":null,"column":-1}},"7":{"start":{"line":16,"column":6},"end":{"line":null,"column":-1}},"8":{"start":{"line":17,"column":8},"end":{"line":null,"column":-1}},"9":{"start":{"line":18,"column":8},"end":{"line":null,"column":-1}},"10":{"start":{"line":21,"column":6},"end":{"line":null,"column":-1}},"11":{"start":{"line":26,"column":4},"end":{"line":null,"column":-1}},"12":{"start":{"line":27,"column":4},"end":{"line":null,"column":-1}},"13":{"start":{"line":31,"column":7},"end":{"line":null,"column":-1}},"14":{"start":{"line":32,"column":6},"end":{"line":null,"column":-1}},"15":{"start":{"line":38,"column":4},"end":{"line":null,"column":-1}},"16":{"start":{"line":39,"column":4},"end":{"line":null,"column":-1}},"17":{"start":{"line":42,"column":6},"end":{"line":null,"column":-1}},"18":{"start":{"line":47,"column":8},"end":{"line":47,"column":4}},"19":{"start":{"line":48,"column":6},"end":{"line":null,"column":-1}},"20":{"start":{"line":49,"column":6},"end":{"line":null,"column":-1}},"21":{"start":{"line":50,"column":8},"end":{"line":null,"column":-1}},"22":{"start":{"line":51,"column":8},"end":{"line":null,"column":-1}},"23":{"start":{"line":54,"column":6},"end":{"line":null,"column":-1}},"24":{"start":{"line":61,"column":8},"end":{"line":61,"column":4}},"25":{"start":{"line":62,"column":6},"end":{"line":null,"column":-1}},"26":{"start":{"line":63,"column":6},"end":{"line":null,"column":-1}},"27":{"start":{"line":64,"column":8},"end":{"line":null,"column":-1}},"28":{"start":{"line":66,"column":8},"end":{"line":null,"column":-1}},"29":{"start":{"line":67,"column":8},"end":{"line":null,"column":-1}},"30":{"start":{"line":70,"column":6},"end":{"line":null,"column":-1}},"31":{"start":{"line":75,"column":4},"end":{"line":null,"column":-1}},"32":{"start":{"line":76,"column":4},"end":{"line":null,"column":-1}},"33":{"start":{"line":79,"column":6},"end":{"line":null,"column":-1}},"34":{"start":{"line":85,"column":4},"end":{"line":null,"column":-1}},"35":{"start":{"line":86,"column":4},"end":{"line":null,"column":-1}},"36":{"start":{"line":88,"column":6},"end":{"line":null,"column":-1}},"37":{"start":{"line":90,"column":6},"end":{"line":null,"column":-1}},"38":{"start":{"line":97,"column":4},"end":{"line":null,"column":-1}}},"fnMap":{"0":{"name":"getPropertyById","decl":{"start":{"line":13,"column":19},"end":{"line":13,"column":27}},"loc":{"start":{"line":13,"column":32},"end":{"line":11,"column":17}}},"1":{"name":"(anonymous_1)","decl":{"start":{"line":16,"column":82},"end":{"line":16,"column":89}},"loc":{"start":{"line":16,"column":90},"end":{"line":16,"column":13}}},"2":{"name":"(anonymous_2)","decl":{"start":{"line":20,"column":13},"end":{"line":20,"column":18}},"loc":{"start":{"line":20,"column":19},"end":{"line":16,"column":13}}},"3":{"name":"createProperty","decl":{"start":{"line":25,"column":18},"end":{"line":25,"column":26}},"loc":{"start":{"line":25,"column":37},"end":{"line":11,"column":17}}},"4":{"name":"(anonymous_4)","decl":{"start":{"line":30,"column":93},"end":{"line":30,"column":100}},"loc":{"start":{"line":30,"column":101},"end":{"line":27,"column":11}}},"5":{"name":"deleteProperty","decl":{"start":{"line":37,"column":18},"end":{"line":37,"column":26}},"loc":{"start":{"line":37,"column":31},"end":{"line":11,"column":17}}},"6":{"name":"(anonymous_6)","decl":{"start":{"line":40,"column":38},"end":{"line":40,"column":45}},"loc":{"start":{"line":40,"column":46},"end":{"line":39,"column":11}}},"7":{"name":"getPropertiesByLandlordId","decl":{"start":{"line":46,"column":29},"end":{"line":46,"column":37}},"loc":{"start":{"line":46,"column":50},"end":{"line":11,"column":17}}},"8":{"name":"(anonymous_8)","decl":{"start":{"line":49,"column":97},"end":{"line":49,"column":104}},"loc":{"start":{"line":49,"column":105},"end":{"line":49,"column":13}}},"9":{"name":"(anonymous_9)","decl":{"start":{"line":53,"column":13},"end":{"line":53,"column":18}},"loc":{"start":{"line":53,"column":19},"end":{"line":49,"column":13}}},"10":{"name":"getTenantDetsByPropertyId","decl":{"start":{"line":60,"column":29},"end":{"line":60,"column":37}},"loc":{"start":{"line":60,"column":50},"end":{"line":11,"column":17}}},"11":{"name":"(anonymous_11)","decl":{"start":{"line":63,"column":106},"end":{"line":63,"column":113}},"loc":{"start":{"line":63,"column":114},"end":{"line":63,"column":13}}},"12":{"name":"(anonymous_12)","decl":{"start":{"line":65,"column":15},"end":{"line":65,"column":23}},"loc":{"start":{"line":65,"column":24},"end":{"line":63,"column":13}}},"13":{"name":"(anonymous_13)","decl":{"start":{"line":69,"column":13},"end":{"line":69,"column":18}},"loc":{"start":{"line":69,"column":19},"end":{"line":63,"column":13}}},"14":{"name":"addTenant","decl":{"start":{"line":74,"column":13},"end":{"line":74,"column":21}},"loc":{"start":{"line":74,"column":44},"end":{"line":11,"column":17}}},"15":{"name":"(anonymous_15)","decl":{"start":{"line":78,"column":53},"end":{"line":78,"column":58}},"loc":{"start":{"line":78,"column":59},"end":{"line":76,"column":11}}},"16":{"name":"removeTenant","decl":{"start":{"line":84,"column":16},"end":{"line":84,"column":24}},"loc":{"start":{"line":84,"column":47},"end":{"line":11,"column":17}}},"17":{"name":"(anonymous_17)","decl":{"start":{"line":87,"column":56},"end":{"line":87,"column":63}},"loc":{"start":{"line":87,"column":64},"end":{"line":86,"column":11}}},"18":{"name":"setDatabase","decl":{"start":{"line":96,"column":15},"end":{"line":96,"column":23}},"loc":{"start":{"line":96,"column":31},"end":{"line":11,"column":17}}}},"branchMap":{},"s":{"0":0,"1":0,"2":0,"3":0,"4":0,"5":0,"6":0,"7":0,"8":0,"9":0,"10":0,"11":0,"12":0,"13":0,"14":0,"15":0,"16":0,"17":0,"18":0,"19":0,"20":0,"21":0,"22":0,"23":0,"24":0,"25":0,"26":0,"27":0,"28":0,"29":0,"30":0,"31":0,"32":0,"33":0,"34":0,"35":0,"36":0,"37":0,"38":0},"f":{"0":0,"1":0,"2":0,"3":0,"4":0,"5":0,"6":0,"7":0,"8":0,"9":0,"10":0,"11":0,"12":0,"13":0,"14":0,"15":0,"16":0,"17":0,"18":0},"b":{}}
,"/home/jacob/Node/RentConnect/src/backend/userFactory.js": {"path":"/home/jacob/Node/RentConnect/src/backend/userFactory.js","statementMap":{"0":{"start":{"line":10,"column":12},"end":{"line":10,"column":0}},"1":{"start":{"line":11,"column":15},"end":{"line":11,"column":0}},"2":{"start":{"line":13,"column":15},"end":{"line":13,"column":0}},"3":{"start":{"line":19,"column":0},"end":{"line":null,"column":-1}},"4":{"start":{"line":21,"column":28},"end":{"line":null,"column":-1}},"5":{"start":{"line":22,"column":8},"end":{"line":22,"column":4}},"6":{"start":{"line":23,"column":6},"end":{"line":null,"column":-1}},"7":{"start":{"line":24,"column":6},"end":{"line":null,"column":-1}},"8":{"start":{"line":25,"column":8},"end":{"line":null,"column":-1}},"9":{"start":{"line":26,"column":8},"end":{"line":null,"column":-1}},"10":{"start":{"line":29,"column":8},"end":{"line":null,"column":-1}},"11":{"start":{"line":30,"column":8},"end":{"line":null,"column":-1}},"12":{"start":{"line":38,"column":8},"end":{"line":38,"column":4}},"13":{"start":{"line":39,"column":4},"end":{"line":null,"column":-1}},"14":{"start":{"line":40,"column":4},"end":{"line":null,"column":-1}},"15":{"start":{"line":41,"column":6},"end":{"line":null,"column":-1}},"16":{"start":{"line":42,"column":6},"end":{"line":null,"column":-1}},"17":{"start":{"line":45,"column":4},"end":{"line":null,"column":-1}},"18":{"start":{"line":50,"column":8},"end":{"line":50,"column":4}},"19":{"start":{"line":51,"column":19},"end":{"line":51,"column":4}},"20":{"start":{"line":52,"column":4},"end":{"line":null,"column":-1}},"21":{"start":{"line":53,"column":4},"end":{"line":null,"column":-1}},"22":{"start":{"line":54,"column":4},"end":{"line":null,"column":-1}},"23":{"start":{"line":55,"column":6},"end":{"line":null,"column":-1}},"24":{"start":{"line":56,"column":6},"end":{"line":null,"column":-1}},"25":{"start":{"line":59,"column":4},"end":{"line":null,"column":-1}},"26":{"start":{"line":65,"column":4},"end":{"line":null,"column":-1}},"27":{"start":{"line":66,"column":4},"end":{"line":null,"column":-1}},"28":{"start":{"line":69,"column":6},"end":{"line":null,"column":-1}},"29":{"start":{"line":70,"column":6},"end":{"line":null,"column":-1}},"30":{"start":{"line":75,"column":4},"end":{"line":null,"column":-1}},"31":{"start":{"line":76,"column":4},"end":{"line":null,"column":-1}},"32":{"start":{"line":78,"column":6},"end":{"line":null,"column":-1}},"33":{"start":{"line":80,"column":6},"end":{"line":null,"column":-1}},"34":{"start":{"line":88,"column":4},"end":{"line":null,"column":-1}},"35":{"start":{"line":90,"column":8},"end":{"line":null,"column":-1}},"36":{"start":{"line":91,"column":8},"end":{"line":null,"column":-1}},"37":{"start":{"line":93,"column":8},"end":{"line":null,"column":-1}},"38":{"start":{"line":94,"column":8},"end":{"line":null,"column":-1}},"39":{"start":{"line":96,"column":8},"end":{"line":null,"column":-1}},"40":{"start":{"line":97,"column":8},"end":{"line":null,"column":-1}},"41":{"start":{"line":99,"column":8},"end":{"line":null,"column":-1}},"42":{"start":{"line":100,"column":8},"end":{"line":88,"column":4}},"43":{"start":{"line":102,"column":4},"end":{"line":null,"column":-1}},"44":{"start":{"line":106,"column":4},"end":{"line":null,"column":-1}},"45":{"start":{"line":108,"column":8},"end":{"line":null,"column":-1}},"46":{"start":{"line":109,"column":8},"end":{"line":null,"column":-1}},"47":{"start":{"line":111,"column":8},"end":{"line":null,"column":-1}},"48":{"start":{"line":112,"column":8},"end":{"line":null,"column":-1}},"49":{"start":{"line":114,"column":8},"end":{"line":null,"column":-1}},"50":{"start":{"line":115,"column":8},"end":{"line":null,"column":-1}},"51":{"start":{"line":117,"column":8},"end":{"line":null,"column":-1}},"52":{"start":{"line":118,"column":8},"end":{"line":106,"column":4}},"53":{"start":{"line":120,"column":4},"end":{"line":null,"column":-1}},"54":{"start":{"line":126,"column":4},"end":{"line":null,"column":-1}}},"fnMap":{"0":{"name":"getUserById","decl":{"start":{"line":21,"column":15},"end":{"line":21,"column":23}},"loc":{"start":{"line":21,"column":28},"end":{"line":19,"column":17}}},"1":{"name":"(anonymous_1)","decl":{"start":{"line":24,"column":78},"end":{"line":24,"column":85}},"loc":{"start":{"line":24,"column":86},"end":{"line":24,"column":13}}},"2":{"name":"(anonymous_2)","decl":{"start":{"line":28,"column":13},"end":{"line":28,"column":18}},"loc":{"start":{"line":28,"column":19},"end":{"line":24,"column":13}}},"3":{"name":"getUserByUsername","decl":{"start":{"line":33,"column":21},"end":{"line":33,"column":29}},"loc":{"start":{"line":33,"column":40},"end":{"line":19,"column":17}}},"4":{"name":"getBasicDetails","decl":{"start":{"line":37,"column":19},"end":{"line":37,"column":27}},"loc":{"start":{"line":37,"column":32},"end":{"line":19,"column":17}}},"5":{"name":"(anonymous_5)","decl":{"start":{"line":40,"column":105},"end":{"line":40,"column":112}},"loc":{"start":{"line":40,"column":113},"end":{"line":40,"column":11}}},"6":{"name":"(anonymous_6)","decl":{"start":{"line":44,"column":11},"end":{"line":44,"column":16}},"loc":{"start":{"line":44,"column":17},"end":{"line":40,"column":11}}},"7":{"name":"getBasicDetForUsers","decl":{"start":{"line":49,"column":23},"end":{"line":49,"column":31}},"loc":{"start":{"line":49,"column":39},"end":{"line":19,"column":17}}},"8":{"name":"(anonymous_8)","decl":{"start":{"line":54,"column":112},"end":{"line":54,"column":119}},"loc":{"start":{"line":54,"column":120},"end":{"line":54,"column":11}}},"9":{"name":"(anonymous_9)","decl":{"start":{"line":58,"column":11},"end":{"line":58,"column":16}},"loc":{"start":{"line":58,"column":17},"end":{"line":54,"column":11}}},"10":{"name":"createUser","decl":{"start":{"line":63,"column":14},"end":{"line":63,"column":22}},"loc":{"start":{"line":63,"column":29},"end":{"line":19,"column":17}}},"11":{"name":"(anonymous_11)","decl":{"start":{"line":68,"column":118},"end":{"line":68,"column":125}},"loc":{"start":{"line":68,"column":126},"end":{"line":66,"column":11}}},"12":{"name":"deleteUser","decl":{"start":{"line":74,"column":14},"end":{"line":74,"column":22}},"loc":{"start":{"line":74,"column":31},"end":{"line":19,"column":17}}},"13":{"name":"(anonymous_13)","decl":{"start":{"line":77,"column":38},"end":{"line":77,"column":45}},"loc":{"start":{"line":77,"column":46},"end":{"line":76,"column":11}}},"14":{"name":"convertRole","decl":{"start":{"line":87,"column":15},"end":{"line":87,"column":23}},"loc":{"start":{"line":87,"column":30},"end":{"line":19,"column":17}}},"15":{"name":"convertRoleToInt","decl":{"start":{"line":105,"column":20},"end":{"line":105,"column":28}},"loc":{"start":{"line":105,"column":35},"end":{"line":19,"column":17}}},"16":{"name":"setDatabase","decl":{"start":{"line":125,"column":15},"end":{"line":125,"column":23}},"loc":{"start":{"line":125,"column":31},"end":{"line":19,"column":17}}}},"branchMap":{"0":{"loc":{"start":{"line":89,"column":6},"end":{"line":91,"column":8}},"type":"switch","locations":[{"start":{"line":89,"column":6},"end":{"line":91,"column":8}},{"start":{"line":92,"column":6},"end":{"line":94,"column":8}},{"start":{"line":95,"column":6},"end":{"line":97,"column":8}},{"start":{"line":98,"column":6},"end":{"line":88,"column":4}}]},"1":{"loc":{"start":{"line":107,"column":6},"end":{"line":109,"column":8}},"type":"switch","locations":[{"start":{"line":107,"column":6},"end":{"line":109,"column":8}},{"start":{"line":110,"column":6},"end":{"line":112,"column":8}},{"start":{"line":113,"column":6},"end":{"line":115,"column":8}},{"start":{"line":116,"column":6},"end":{"line":106,"column":4}}]}},"s":{"0":0,"1":0,"2":0,"3":0,"4":0,"5":0,"6":0,"7":0,"8":0,"9":0,"10":0,"11":0,"12":0,"13":0,"14":0,"15":0,"16":0,"17":0,"18":0,"19":0,"20":0,"21":0,"22":0,"23":0,"24":0,"25":0,"26":0,"27":0,"28":0,"29":0,"30":0,"31":0,"32":0,"33":0,"34":0,"35":0,"36":0,"37":0,"38":0,"39":0,"40":0,"41":0,"42":0,"43":0,"44":0,"45":0,"46":0,"47":0,"48":0,"49":0,"50":0,"51":0,"52":0,"53":0,"54":0},"f":{"0":0,"1":0,"2":0,"3":0,"4":0,"5":0,"6":0,"7":0,"8":0,"9":0,"10":0,"11":0,"12":0,"13":0,"14":0,"15":0,"16":0},"b":{"0":[0,0,0,0],"1":[0,0,0,0]}}
,"/home/jacob/Node/RentConnect/src/components/AllMaintenanceRequestsPage.vue": {"path":"/home/jacob/Node/RentConnect/src/components/AllMaintenanceRequestsPage.vue","statementMap":{"0":{"start":{"line":2,"column":0},"end":{"line":null,"column":-1}},"1":{"start":{"line":3,"column":0},"end":{"line":null,"column":-1}},"2":{"start":{"line":4,"column":0},"end":{"line":null,"column":-1}},"3":{"start":{"line":9,"column":4},"end":{"line":null,"column":-1}},"4":{"start":{"line":17,"column":13},"end":{"line":null,"column":-1}},"5":{"start":{"line":19,"column":17},"end":{"line":19,"column":4}},"6":{"start":{"line":20,"column":4},"end":{"line":null,"column":-1}},"7":{"start":{"line":22,"column":8},"end":{"line":null,"column":-1}},"8":{"start":{"line":23,"column":8},"end":{"line":null,"column":-1}},"9":{"start":{"line":26,"column":8},"end":{"line":null,"column":-1}},"10":{"start":{"line":31,"column":0},"end":{"line":null,"column":-1}},"11":{"start":{"line":37,"column":0},"end":{"line":null,"column":-1}}},"fnMap":{"0":{"name":"data","decl":{"start":{"line":6,"column":15},"end":{"line":8,"column":9}},"loc":{"start":{"line":8,"column":10},"end":{"line":6,"column":15}}},"1":{"name":"mounted","decl":{"start":{"line":6,"column":15},"end":{"line":17,"column":12}},"loc":{"start":{"line":17,"column":13},"end":{"line":28,"column":3}}},"2":{"name":"(anonymous_3)","decl":{"start":{"line":21,"column":12},"end":{"line":21,"column":23}},"loc":{"start":{"line":21,"column":24},"end":{"line":20,"column":4}}},"3":{"name":"(anonymous_4)","decl":{"start":{"line":25,"column":13},"end":{"line":25,"column":17}},"loc":{"start":{"line":25,"column":18},"end":{"line":20,"column":4}}}},"branchMap":{},"s":{"0":1,"1":1,"2":1,"3":1,"4":1,"5":1,"6":1,"7":0,"8":0,"9":1,"10":1,"11":1},"f":{"0":1,"1":1,"2":0,"3":1},"b":{}}
,"/home/jacob/Node/RentConnect/src/components/ApplicationPage.vue": {"path":"/home/jacob/Node/RentConnect/src/components/ApplicationPage.vue","statementMap":{"0":{"start":{"line":2,"column":0},"end":{"line":null,"column":-1}},"1":{"start":{"line":3,"column":0},"end":{"line":null,"column":-1}},"2":{"start":{"line":8,"column":4},"end":{"line":null,"column":-1}},"3":{"start":{"line":109,"column":6},"end":{"line":null,"column":-1}},"4":{"start":{"line":113,"column":10},"end":{"line":null,"column":-1}},"5":{"start":{"line":116,"column":10},"end":{"line":null,"column":-1}},"6":{"start":{"line":122,"column":0},"end":{"line":null,"column":-1}}},"fnMap":{"0":{"name":"data","decl":{"start":{"line":5,"column":15},"end":{"line":7,"column":9}},"loc":{"start":{"line":7,"column":10},"end":{"line":5,"column":15}}},"1":{"name":"handleSubmit","decl":{"start":{"line":106,"column":11},"end":{"line":107,"column":19}},"loc":{"start":{"line":107,"column":20},"end":{"line":118,"column":5}}},"2":{"name":"(anonymous_3)","decl":{"start":{"line":112,"column":14},"end":{"line":112,"column":25}},"loc":{"start":{"line":112,"column":26},"end":{"line":109,"column":6}}},"3":{"name":"(anonymous_4)","decl":{"start":{"line":115,"column":15},"end":{"line":115,"column":19}},"loc":{"start":{"line":115,"column":20},"end":{"line":109,"column":6}}}},"branchMap":{},"s":{"0":1,"1":1,"2":1,"3":0,"4":0,"5":0,"6":1},"f":{"0":1,"1":0,"2":0,"3":0},"b":{}}
,"/home/jacob/Node/RentConnect/src/components/BulkNotificationPage.vue": {"path":"/home/jacob/Node/RentConnect/src/components/BulkNotificationPage.vue","statementMap":{"0":{"start":{"line":2,"column":0},"end":{"line":null,"column":-1}},"1":{"start":{"line":3,"column":0},"end":{"line":null,"column":-1}},"2":{"start":{"line":4,"column":0},"end":{"line":null,"column":-1}},"3":{"start":{"line":6,"column":0},"end":{"line":null,"column":-1}},"4":{"start":{"line":11,"column":4},"end":{"line":null,"column":-1}},"5":{"start":{"line":49,"column":6},"end":{"line":null,"column":-1}},"6":{"start":{"line":56,"column":10},"end":{"line":null,"column":-1}},"7":{"start":{"line":62,"column":0},"end":{"line":null,"column":-1}}},"fnMap":{"0":{"name":"data","decl":{"start":{"line":8,"column":15},"end":{"line":10,"column":9}},"loc":{"start":{"line":10,"column":10},"end":{"line":8,"column":15}}},"1":{"name":"handleSubmit","decl":{"start":{"line":46,"column":11},"end":{"line":47,"column":19}},"loc":{"start":{"line":47,"column":20},"end":{"line":58,"column":5}}},"2":{"name":"(anonymous_3)","decl":{"start":{"line":52,"column":14},"end":{"line":52,"column":25}},"loc":{"start":{"line":52,"column":26},"end":{"line":49,"column":6}}},"3":{"name":"(anonymous_4)","decl":{"start":{"line":55,"column":15},"end":{"line":55,"column":19}},"loc":{"start":{"line":55,"column":20},"end":{"line":49,"column":6}}}},"branchMap":{},"s":{"0":1,"1":1,"2":1,"3":1,"4":1,"5":0,"6":0,"7":1},"f":{"0":1,"1":0,"2":0,"3":0},"b":{}}
,"/home/jacob/Node/RentConnect/src/components/EditListingPage.vue": {"path":"/home/jacob/Node/RentConnect/src/components/EditListingPage.vue","statementMap":{"0":{"start":{"line":2,"column":0},"end":{"line":null,"column":-1}},"1":{"start":{"line":3,"column":0},"end":{"line":null,"column":-1}},"2":{"start":{"line":8,"column":4},"end":{"line":null,"column":-1}},"3":{"start":{"line":48,"column":6},"end":{"line":null,"column":-1}},"4":{"start":{"line":55,"column":10},"end":{"line":null,"column":-1}},"5":{"start":{"line":59,"column":13},"end":{"line":null,"column":-1}},"6":{"start":{"line":60,"column":4},"end":{"line":71,"column":5}},"7":{"start":{"line":61,"column":6},"end":{"line":null,"column":-1}},"8":{"start":{"line":63,"column":10},"end":{"line":null,"column":-1}},"9":{"start":{"line":64,"column":10},"end":{"line":null,"column":-1}},"10":{"start":{"line":65,"column":10},"end":{"line":null,"column":-1}},"11":{"start":{"line":66,"column":10},"end":{"line":null,"column":-1}},"12":{"start":{"line":69,"column":10},"end":{"line":null,"column":-1}},"13":{"start":{"line":75,"column":0},"end":{"line":null,"column":-1}}},"fnMap":{"0":{"name":"data","decl":{"start":{"line":5,"column":15},"end":{"line":7,"column":9}},"loc":{"start":{"line":7,"column":10},"end":{"line":5,"column":15}}},"1":{"name":"handleSubmit","decl":{"start":{"line":45,"column":11},"end":{"line":46,"column":19}},"loc":{"start":{"line":46,"column":20},"end":{"line":57,"column":5}}},"2":{"name":"(anonymous_3)","decl":{"start":{"line":51,"column":14},"end":{"line":51,"column":25}},"loc":{"start":{"line":51,"column":26},"end":{"line":48,"column":6}}},"3":{"name":"(anonymous_4)","decl":{"start":{"line":54,"column":15},"end":{"line":54,"column":19}},"loc":{"start":{"line":54,"column":20},"end":{"line":48,"column":6}}},"4":{"name":"mounted","decl":{"start":{"line":5,"column":15},"end":{"line":59,"column":12}},"loc":{"start":{"line":59,"column":13},"end":{"line":72,"column":3}}},"5":{"name":"(anonymous_6)","decl":{"start":{"line":62,"column":14},"end":{"line":62,"column":25}},"loc":{"start":{"line":62,"column":26},"end":{"line":61,"column":6}}},"6":{"name":"(anonymous_7)","decl":{"start":{"line":68,"column":15},"end":{"line":68,"column":19}},"loc":{"start":{"line":68,"column":20},"end":{"line":61,"column":6}}}},"branchMap":{"0":{"loc":{"start":{"line":60,"column":4},"end":{"line":71,"column":5}},"type":"if","locations":[{"start":{"line":60,"column":4},"end":{"line":71,"column":5}},{"start":{"line":60,"column":4},"end":{"line":71,"column":5}}]}},"s":{"0":1,"1":1,"2":1,"3":0,"4":0,"5":1,"6":1,"7":0,"8":0,"9":0,"10":0,"11":0,"12":0,"13":1},"f":{"0":1,"1":0,"2":0,"3":0,"4":1,"5":0,"6":0},"b":{"0":[0,0]}}
,"/home/jacob/Node/RentConnect/src/components/FinancesPage.vue": {"path":"/home/jacob/Node/RentConnect/src/components/FinancesPage.vue","statementMap":{"0":{"start":{"line":2,"column":0},"end":{"line":null,"column":-1}},"1":{"start":{"line":3,"column":0},"end":{"line":null,"column":-1}},"2":{"start":{"line":4,"column":0},"end":{"line":null,"column":-1}},"3":{"start":{"line":9,"column":4},"end":{"line":null,"column":-1}},"4":{"start":{"line":24,"column":13},"end":{"line":null,"column":-1}},"5":{"start":{"line":26,"column":4},"end":{"line":31,"column":5}},"6":{"start":{"line":28,"column":6},"end":{"line":null,"column":-1}},"7":{"start":{"line":30,"column":6},"end":{"line":null,"column":-1}},"8":{"start":{"line":32,"column":4},"end":{"line":null,"column":-1}},"9":{"start":{"line":34,"column":8},"end":{"line":null,"column":-1}},"10":{"start":{"line":37,"column":8},"end":{"line":null,"column":-1}},"11":{"start":{"line":39,"column":4},"end":{"line":null,"column":-1}},"12":{"start":{"line":41,"column":8},"end":{"line":null,"column":-1}},"13":{"start":{"line":44,"column":8},"end":{"line":null,"column":-1}},"14":{"start":{"line":49,"column":0},"end":{"line":null,"column":-1}},"15":{"start":{"line":54,"column":0},"end":{"line":null,"column":-1}}},"fnMap":{"0":{"name":"data","decl":{"start":{"line":6,"column":15},"end":{"line":8,"column":9}},"loc":{"start":{"line":8,"column":10},"end":{"line":6,"column":15}}},"1":{"name":"mounted","decl":{"start":{"line":6,"column":15},"end":{"line":24,"column":12}},"loc":{"start":{"line":24,"column":13},"end":{"line":46,"column":3}}},"2":{"name":"(anonymous_3)","decl":{"start":{"line":33,"column":12},"end":{"line":33,"column":23}},"loc":{"start":{"line":33,"column":24},"end":{"line":32,"column":4}}},"3":{"name":"(anonymous_4)","decl":{"start":{"line":36,"column":13},"end":{"line":36,"column":17}},"loc":{"start":{"line":36,"column":18},"end":{"line":32,"column":4}}},"4":{"name":"(anonymous_5)","decl":{"start":{"line":40,"column":12},"end":{"line":40,"column":23}},"loc":{"start":{"line":40,"column":24},"end":{"line":39,"column":4}}},"5":{"name":"(anonymous_6)","decl":{"start":{"line":43,"column":13},"end":{"line":43,"column":17}},"loc":{"start":{"line":43,"column":18},"end":{"line":39,"column":4}}}},"branchMap":{"0":{"loc":{"start":{"line":26,"column":4},"end":{"line":31,"column":5}},"type":"if","locations":[{"start":{"line":26,"column":4},"end":{"line":31,"column":5}},{"start":{"line":26,"column":4},"end":{"line":31,"column":5}}]}},"s":{"0":1,"1":1,"2":1,"3":1,"4":1,"5":1,"6":0,"7":0,"8":0,"9":0,"10":0,"11":0,"12":0,"13":0,"14":1,"15":1},"f":{"0":1,"1":1,"2":0,"3":0,"4":0,"5":0},"b":{"0":[0,0]}}
,"/home/jacob/Node/RentConnect/src/components/IndexPage.vue": {"path":"/home/jacob/Node/RentConnect/src/components/IndexPage.vue","statementMap":{"0":{"start":{"line":5,"column":4},"end":{"line":null,"column":-1}}},"fnMap":{"0":{"name":"data","decl":{"start":{"line":2,"column":15},"end":{"line":4,"column":9}},"loc":{"start":{"line":4,"column":10},"end":{"line":8,"column":3}}}},"branchMap":{},"s":{"0":1},"f":{"0":1},"b":{}}
,"/home/jacob/Node/RentConnect/src/components/LandlordPortal.vue": {"path":"/home/jacob/Node/RentConnect/src/components/LandlordPortal.vue","statementMap":{"0":{"start":{"line":2,"column":0},"end":{"line":null,"column":-1}},"1":{"start":{"line":7,"column":4},"end":{"line":null,"column":-1}}},"fnMap":{"0":{"name":"data","decl":{"start":{"line":4,"column":15},"end":{"line":6,"column":9}},"loc":{"start":{"line":6,"column":10},"end":{"line":4,"column":15}}}},"branchMap":{},"s":{"0":1,"1":1},"f":{"0":1},"b":{}}
,"/home/jacob/Node/RentConnect/src/components/LoginPage.vue": {"path":"/home/jacob/Node/RentConnect/src/components/LoginPage.vue","statementMap":{"0":{"start":{"line":2,"column":0},"end":{"line":null,"column":-1}},"1":{"start":{"line":3,"column":0},"end":{"line":null,"column":-1}},"2":{"start":{"line":5,"column":0},"end":{"line":null,"column":-1}},"3":{"start":{"line":10,"column":4},"end":{"line":null,"column":-1}},"4":{"start":{"line":28,"column":20},"end":{"line":null,"column":-1}},"5":{"start":{"line":29,"column":6},"end":{"line":null,"column":-1}},"6":{"start":{"line":34,"column":10},"end":{"line":39,"column":11}},"7":{"start":{"line":35,"column":12},"end":{"line":null,"column":-1}},"8":{"start":{"line":37,"column":12},"end":{"line":null,"column":-1}},"9":{"start":{"line":38,"column":12},"end":{"line":null,"column":-1}},"10":{"start":{"line":42,"column":10},"end":{"line":null,"column":-1}}},"fnMap":{"0":{"name":"data","decl":{"start":{"line":7,"column":15},"end":{"line":9,"column":9}},"loc":{"start":{"line":9,"column":10},"end":{"line":7,"column":15}}},"1":{"name":"handleSubmit","decl":{"start":{"line":27,"column":11},"end":{"line":28,"column":19}},"loc":{"start":{"line":28,"column":20},"end":{"line":44,"column":5}}},"2":{"name":"(anonymous_3)","decl":{"start":{"line":32,"column":14},"end":{"line":32,"column":25}},"loc":{"start":{"line":32,"column":26},"end":{"line":29,"column":6}}},"3":{"name":"(anonymous_4)","decl":{"start":{"line":41,"column":15},"end":{"line":41,"column":19}},"loc":{"start":{"line":41,"column":20},"end":{"line":29,"column":6}}}},"branchMap":{"0":{"loc":{"start":{"line":34,"column":10},"end":{"line":39,"column":11}},"type":"if","locations":[{"start":{"line":34,"column":10},"end":{"line":39,"column":11}},{"start":{"line":34,"column":10},"end":{"line":39,"column":11}}]}},"s":{"0":1,"1":1,"2":1,"3":1,"4":0,"5":0,"6":0,"7":0,"8":0,"9":0,"10":0},"f":{"0":1,"1":0,"2":0,"3":0},"b":{"0":[0,0]}}
,"/home/jacob/Node/RentConnect/src/components/MaintenancePortal.vue": {"path":"/home/jacob/Node/RentConnect/src/components/MaintenancePortal.vue","statementMap":{"0":{"start":{"line":2,"column":0},"end":{"line":null,"column":-1}},"1":{"start":{"line":7,"column":4},"end":{"line":null,"column":-1}},"2":{"start":{"line":29,"column":0},"end":{"line":null,"column":-1}}},"fnMap":{"0":{"name":"data","decl":{"start":{"line":4,"column":15},"end":{"line":6,"column":9}},"loc":{"start":{"line":6,"column":10},"end":{"line":4,"column":15}}}},"branchMap":{},"s":{"0":1,"1":1,"2":1},"f":{"0":1},"b":{}}
,"/home/jacob/Node/RentConnect/src/components/ManageDocumentsPage.vue": {"path":"/home/jacob/Node/RentConnect/src/components/ManageDocumentsPage.vue","statementMap":{"0":{"start":{"line":2,"column":0},"end":{"line":null,"column":-1}},"1":{"start":{"line":3,"column":0},"end":{"line":null,"column":-1}},"2":{"start":{"line":4,"column":0},"end":{"line":null,"column":-1}},"3":{"start":{"line":6,"column":0},"end":{"line":null,"column":-1}},"4":{"start":{"line":11,"column":4},"end":{"line":null,"column":-1}},"5":{"start":{"line":33,"column":19},"end":{"line":33,"column":6}},"6":{"start":{"line":34,"column":6},"end":{"line":null,"column":-1}},"7":{"start":{"line":41,"column":10},"end":{"line":null,"column":-1}},"8":{"start":{"line":48,"column":13},"end":{"line":null,"column":-1}},"9":{"start":{"line":49,"column":17},"end":{"line":49,"column":4}},"10":{"start":{"line":50,"column":4},"end":{"line":null,"column":-1}},"11":{"start":{"line":52,"column":8},"end":{"line":null,"column":-1}},"12":{"start":{"line":53,"column":8},"end":{"line":null,"column":-1}},"13":{"start":{"line":56,"column":8},"end":{"line":null,"column":-1}},"14":{"start":{"line":61,"column":0},"end":{"line":null,"column":-1}}},"fnMap":{"0":{"name":"data","decl":{"start":{"line":8,"column":15},"end":{"line":10,"column":9}},"loc":{"start":{"line":10,"column":10},"end":{"line":8,"column":15}}},"1":{"name":"handleSubmit","decl":{"start":{"line":30,"column":11},"end":{"line":31,"column":19}},"loc":{"start":{"line":31,"column":20},"end":{"line":43,"column":5}}},"2":{"name":"(anonymous_3)","decl":{"start":{"line":37,"column":14},"end":{"line":37,"column":25}},"loc":{"start":{"line":37,"column":26},"end":{"line":34,"column":6}}},"3":{"name":"(anonymous_4)","decl":{"start":{"line":40,"column":15},"end":{"line":40,"column":19}},"loc":{"start":{"line":40,"column":20},"end":{"line":34,"column":6}}},"4":{"name":"mounted","decl":{"start":{"line":8,"column":15},"end":{"line":48,"column":12}},"loc":{"start":{"line":48,"column":13},"end":{"line":58,"column":3}}},"5":{"name":"(anonymous_6)","decl":{"start":{"line":51,"column":12},"end":{"line":51,"column":23}},"loc":{"start":{"line":51,"column":24},"end":{"line":50,"column":4}}},"6":{"name":"(anonymous_7)","decl":{"start":{"line":55,"column":13},"end":{"line":55,"column":17}},"loc":{"start":{"line":55,"column":18},"end":{"line":50,"column":4}}}},"branchMap":{},"s":{"0":1,"1":1,"2":1,"3":1,"4":1,"5":0,"6":0,"7":0,"8":1,"9":1,"10":1,"11":0,"12":0,"13":1,"14":1},"f":{"0":1,"1":0,"2":0,"3":0,"4":1,"5":0,"6":1},"b":{}}
,"/home/jacob/Node/RentConnect/src/components/MyPropertiesPage.vue": {"path":"/home/jacob/Node/RentConnect/src/components/MyPropertiesPage.vue","statementMap":{"0":{"start":{"line":2,"column":0},"end":{"line":null,"column":-1}},"1":{"start":{"line":3,"column":0},"end":{"line":null,"column":-1}},"2":{"start":{"line":4,"column":0},"end":{"line":null,"column":-1}},"3":{"start":{"line":6,"column":0},"end":{"line":null,"column":-1}},"4":{"start":{"line":11,"column":4},"end":{"line":null,"column":-1}},"5":{"start":{"line":19,"column":13},"end":{"line":null,"column":-1}},"6":{"start":{"line":20,"column":4},"end":{"line":null,"column":-1}},"7":{"start":{"line":22,"column":21},"end":{"line":22,"column":8}},"8":{"start":{"line":23,"column":8},"end":{"line":null,"column":-1}},"9":{"start":{"line":25,"column":12},"end":{"line":null,"column":-1}},"10":{"start":{"line":28,"column":12},"end":{"line":null,"column":-1}},"11":{"start":{"line":32,"column":8},"end":{"line":null,"column":-1}},"12":{"start":{"line":37,"column":0},"end":{"line":null,"column":-1}}},"fnMap":{"0":{"name":"data","decl":{"start":{"line":8,"column":15},"end":{"line":10,"column":9}},"loc":{"start":{"line":10,"column":10},"end":{"line":8,"column":15}}},"1":{"name":"mounted","decl":{"start":{"line":8,"column":15},"end":{"line":19,"column":12}},"loc":{"start":{"line":19,"column":13},"end":{"line":34,"column":3}}},"2":{"name":"(anonymous_3)","decl":{"start":{"line":21,"column":12},"end":{"line":21,"column":23}},"loc":{"start":{"line":21,"column":24},"end":{"line":20,"column":4}}},"3":{"name":"(anonymous_4)","decl":{"start":{"line":24,"column":16},"end":{"line":24,"column":27}},"loc":{"start":{"line":24,"column":28},"end":{"line":23,"column":8}}},"4":{"name":"(anonymous_5)","decl":{"start":{"line":27,"column":17},"end":{"line":27,"column":21}},"loc":{"start":{"line":27,"column":22},"end":{"line":23,"column":8}}},"5":{"name":"(anonymous_6)","decl":{"start":{"line":31,"column":13},"end":{"line":31,"column":17}},"loc":{"start":{"line":31,"column":18},"end":{"line":20,"column":4}}}},"branchMap":{},"s":{"0":1,"1":1,"2":1,"3":1,"4":1,"5":1,"6":1,"7":0,"8":0,"9":0,"10":0,"11":1,"12":1},"f":{"0":1,"1":1,"2":0,"3":0,"4":0,"5":1},"b":{}}
,"/home/jacob/Node/RentConnect/src/components/ProcessApplicationPage.vue": {"path":"/home/jacob/Node/RentConnect/src/components/ProcessApplicationPage.vue","statementMap":{"0":{"start":{"line":2,"column":0},"end":{"line":null,"column":-1}},"1":{"start":{"line":3,"column":0},"end":{"line":null,"column":-1}},"2":{"start":{"line":8,"column":4},"end":{"line":null,"column":-1}},"3":{"start":{"line":121,"column":18},"end":{"line":121,"column":6}},"4":{"start":{"line":122,"column":6},"end":{"line":135,"column":7}},"5":{"start":{"line":124,"column":8},"end":{"line":null,"column":-1}},"6":{"start":{"line":131,"column":12},"end":{"line":null,"column":-1}},"7":{"start":{"line":143,"column":0},"end":{"line":null,"column":-1}}},"fnMap":{"0":{"name":"data","decl":{"start":{"line":5,"column":15},"end":{"line":7,"column":9}},"loc":{"start":{"line":7,"column":10},"end":{"line":5,"column":15}}},"1":{"name":"handleSubmit","decl":{"start":{"line":119,"column":11},"end":{"line":120,"column":19}},"loc":{"start":{"line":120,"column":20},"end":{"line":136,"column":5}}},"2":{"name":"(anonymous_3)","decl":{"start":{"line":127,"column":16},"end":{"line":127,"column":27}},"loc":{"start":{"line":127,"column":28},"end":{"line":124,"column":8}}},"3":{"name":"(anonymous_4)","decl":{"start":{"line":130,"column":17},"end":{"line":130,"column":21}},"loc":{"start":{"line":130,"column":22},"end":{"line":124,"column":8}}}},"branchMap":{"0":{"loc":{"start":{"line":122,"column":6},"end":{"line":135,"column":7}},"type":"if","locations":[{"start":{"line":122,"column":6},"end":{"line":135,"column":7}},{"start":{"line":122,"column":6},"end":{"line":135,"column":7}}]}},"s":{"0":1,"1":1,"2":1,"3":0,"4":0,"5":0,"6":0,"7":1},"f":{"0":1,"1":0,"2":0,"3":0},"b":{"0":[0,0]}}
,"/home/jacob/Node/RentConnect/src/components/RegisterPage.vue": {"path":"/home/jacob/Node/RentConnect/src/components/RegisterPage.vue","statementMap":{"0":{"start":{"line":2,"column":0},"end":{"line":null,"column":-1}},"1":{"start":{"line":3,"column":0},"end":{"line":null,"column":-1}},"2":{"start":{"line":5,"column":0},"end":{"line":null,"column":-1}},"3":{"start":{"line":10,"column":4},"end":{"line":null,"column":-1}},"4":{"start":{"line":56,"column":20},"end":{"line":null,"column":-1}},"5":{"start":{"line":57,"column":6},"end":{"line":null,"column":-1}},"6":{"start":{"line":62,"column":10},"end":{"line":null,"column":-1}},"7":{"start":{"line":64,"column":14},"end":{"line":null,"column":-1}},"8":{"start":{"line":65,"column":14},"end":{"line":null,"column":-1}},"9":{"start":{"line":67,"column":14},"end":{"line":null,"column":-1}},"10":{"start":{"line":68,"column":14},"end":{"line":null,"column":-1}},"11":{"start":{"line":70,"column":14},"end":{"line":null,"column":-1}},"12":{"start":{"line":71,"column":14},"end":{"line":null,"column":-1}},"13":{"start":{"line":75,"column":10},"end":{"line":null,"column":-1}}},"fnMap":{"0":{"name":"data","decl":{"start":{"line":7,"column":15},"end":{"line":9,"column":9}},"loc":{"start":{"line":9,"column":10},"end":{"line":7,"column":15}}},"1":{"name":"handleSubmit","decl":{"start":{"line":55,"column":11},"end":{"line":56,"column":19}},"loc":{"start":{"line":56,"column":20},"end":{"line":77,"column":5}}},"2":{"name":"(anonymous_3)","decl":{"start":{"line":60,"column":14},"end":{"line":60,"column":25}},"loc":{"start":{"line":60,"column":26},"end":{"line":57,"column":6}}},"3":{"name":"(anonymous_4)","decl":{"start":{"line":74,"column":15},"end":{"line":74,"column":19}},"loc":{"start":{"line":74,"column":20},"end":{"line":57,"column":6}}}},"branchMap":{"0":{"loc":{"start":{"line":63,"column":12},"end":{"line":65,"column":14}},"type":"switch","locations":[{"start":{"line":63,"column":12},"end":{"line":65,"column":14}},{"start":{"line":66,"column":12},"end":{"line":68,"column":14}},{"start":{"line":69,"column":12},"end":{"line":71,"column":14}}]}},"s":{"0":1,"1":1,"2":1,"3":1,"4":0,"5":0,"6":0,"7":0,"8":0,"9":0,"10":0,"11":0,"12":0,"13":0},"f":{"0":1,"1":0,"2":0,"3":0},"b":{"0":[0,0,0]}}
,"/home/jacob/Node/RentConnect/src/components/Sidebar.vue": {"path":"/home/jacob/Node/RentConnect/src/components/Sidebar.vue","statementMap":{"0":{"start":{"line":2,"column":0},"end":{"line":null,"column":-1}},"1":{"start":{"line":6,"column":4},"end":{"line":null,"column":-1}},"2":{"start":{"line":13,"column":13},"end":{"line":null,"column":-1}},"3":{"start":{"line":15,"column":4},"end":{"line":null,"column":-1}},"4":{"start":{"line":17,"column":8},"end":{"line":null,"column":-1}},"5":{"start":{"line":18,"column":8},"end":{"line":null,"column":-1}},"6":{"start":{"line":19,"column":8},"end":{"line":null,"column":-1}},"7":{"start":{"line":22,"column":8},"end":{"line":null,"column":-1}}},"fnMap":{"0":{"name":"data","decl":{"start":{"line":3,"column":15},"end":{"line":5,"column":9}},"loc":{"start":{"line":5,"column":10},"end":{"line":3,"column":15}}},"1":{"name":"mounted","decl":{"start":{"line":3,"column":15},"end":{"line":13,"column":12}},"loc":{"start":{"line":13,"column":13},"end":{"line":24,"column":3}}},"2":{"name":"(anonymous_3)","decl":{"start":{"line":16,"column":12},"end":{"line":16,"column":23}},"loc":{"start":{"line":16,"column":24},"end":{"line":15,"column":4}}},"3":{"name":"(anonymous_4)","decl":{"start":{"line":21,"column":13},"end":{"line":21,"column":17}},"loc":{"start":{"line":21,"column":18},"end":{"line":15,"column":4}}}},"branchMap":{},"s":{"0":1,"1":1,"2":1,"3":1,"4":0,"5":0,"6":0,"7":1},"f":{"0":1,"1":1,"2":0,"3":1},"b":{}}
,"/home/jacob/Node/RentConnect/src/components/SubmitMaintenanceRequestPage.vue": {"path":"/home/jacob/Node/RentConnect/src/components/SubmitMaintenanceRequestPage.vue","statementMap":{"0":{"start":{"line":2,"column":0},"end":{"line":null,"column":-1}},"1":{"start":{"line":3,"column":0},"end":{"line":null,"column":-1}},"2":{"start":{"line":5,"column":0},"end":{"line":null,"column":-1}},"3":{"start":{"line":10,"column":4},"end":{"line":null,"column":-1}},"4":{"start":{"line":34,"column":20},"end":{"line":null,"column":-1}},"5":{"start":{"line":36,"column":6},"end":{"line":null,"column":-1}},"6":{"start":{"line":41,"column":10},"end":{"line":null,"column":-1}},"7":{"start":{"line":44,"column":10},"end":{"line":null,"column":-1}}},"fnMap":{"0":{"name":"data","decl":{"start":{"line":7,"column":15},"end":{"line":9,"column":9}},"loc":{"start":{"line":9,"column":10},"end":{"line":7,"column":15}}},"1":{"name":"handleSubmit","decl":{"start":{"line":33,"column":11},"end":{"line":34,"column":19}},"loc":{"start":{"line":34,"column":20},"end":{"line":46,"column":5}}},"2":{"name":"(anonymous_3)","decl":{"start":{"line":39,"column":14},"end":{"line":39,"column":25}},"loc":{"start":{"line":39,"column":26},"end":{"line":36,"column":6}}},"3":{"name":"(anonymous_4)","decl":{"start":{"line":43,"column":15},"end":{"line":43,"column":19}},"loc":{"start":{"line":43,"column":20},"end":{"line":36,"column":6}}}},"branchMap":{},"s":{"0":1,"1":1,"2":1,"3":1,"4":0,"5":0,"6":0,"7":0},"f":{"0":1,"1":0,"2":0,"3":0},"b":{}}
,"/home/jacob/Node/RentConnect/src/components/TenantPortal.vue": {"path":"/home/jacob/Node/RentConnect/src/components/TenantPortal.vue","statementMap":{"0":{"start":{"line":2,"column":0},"end":{"line":null,"column":-1}},"1":{"start":{"line":4,"column":0},"end":{"line":null,"column":-1}},"2":{"start":{"line":9,"column":4},"end":{"line":null,"column":-1}}},"fnMap":{"0":{"name":"data","decl":{"start":{"line":6,"column":15},"end":{"line":8,"column":9}},"loc":{"start":{"line":8,"column":10},"end":{"line":6,"column":15}}}},"branchMap":{},"s":{"0":1,"1":1,"2":1},"f":{"0":1},"b":{}}
,"/home/jacob/Node/RentConnect/src/components/UIComponents.vue": {"path":"/home/jacob/Node/RentConnect/src/components/UIComponents.vue","statementMap":{"0":{"start":{"line":2,"column":0},"end":{"line":null,"column":-1}},"1":{"start":{"line":8,"column":14},"end":{"line":8,"column":4}},"2":{"start":{"line":12,"column":4},"end":{"line":16,"column":5}},"3":{"start":{"line":13,"column":6},"end":{"line":null,"column":-1}},"4":{"start":{"line":14,"column":6},"end":{"line":null,"column":-1}},"5":{"start":{"line":15,"column":6},"end":{"line":null,"column":-1}},"6":{"start":{"line":17,"column":4},"end":{"line":21,"column":5}},"7":{"start":{"line":18,"column":6},"end":{"line":null,"column":-1}},"8":{"start":{"line":19,"column":6},"end":{"line":null,"column":-1}},"9":{"start":{"line":20,"column":6},"end":{"line":null,"column":-1}},"10":{"start":{"line":22,"column":4},"end":{"line":null,"column":-1}},"11":{"start":{"line":25,"column":0},"end":{"line":null,"column":-1}},"12":{"start":{"line":30,"column":0},"end":{"line":null,"column":-1}},"13":{"start":{"line":36,"column":0},"end":{"line":null,"column":-1}},"14":{"start":{"line":41,"column":0},"end":{"line":null,"column":-1}}},"fnMap":{"0":{"name":"data","decl":{"start":{"line":3,"column":15},"end":{"line":4,"column":9}},"loc":{"start":{"line":4,"column":10},"end":{"line":3,"column":15}}},"1":{"name":"collapse","decl":{"start":{"line":3,"column":15},"end":{"line":7,"column":11}},"loc":{"start":{"line":7,"column":43},"end":{"line":23,"column":3}}}},"branchMap":{},"s":{"0":17,"1":0,"2":0,"3":0,"4":0,"5":0,"6":0,"7":0,"8":0,"9":0,"10":0,"11":17,"12":17,"13":17,"14":17},"f":{"0":0,"1":0},"b":{}}
,"/home/jacob/Node/RentConnect/src/components/UserProfile.vue": {"path":"/home/jacob/Node/RentConnect/src/components/UserProfile.vue","statementMap":{"0":{"start":{"line":2,"column":0},"end":{"line":null,"column":-1}},"1":{"start":{"line":3,"column":0},"end":{"line":null,"column":-1}},"2":{"start":{"line":5,"column":0},"end":{"line":null,"column":-1}},"3":{"start":{"line":10,"column":4},"end":{"line":null,"column":-1}},"4":{"start":{"line":61,"column":6},"end":{"line":null,"column":-1}},"5":{"start":{"line":68,"column":10},"end":{"line":null,"column":-1}}},"fnMap":{"0":{"name":"data","decl":{"start":{"line":7,"column":15},"end":{"line":9,"column":9}},"loc":{"start":{"line":9,"column":10},"end":{"line":7,"column":15}}},"1":{"name":"handleSubmit","decl":{"start":{"line":58,"column":11},"end":{"line":59,"column":19}},"loc":{"start":{"line":59,"column":20},"end":{"line":70,"column":5}}},"2":{"name":"(anonymous_3)","decl":{"start":{"line":64,"column":14},"end":{"line":64,"column":25}},"loc":{"start":{"line":64,"column":26},"end":{"line":61,"column":6}}},"3":{"name":"(anonymous_4)","decl":{"start":{"line":67,"column":15},"end":{"line":67,"column":19}},"loc":{"start":{"line":67,"column":20},"end":{"line":61,"column":6}}}},"branchMap":{},"s":{"0":1,"1":1,"2":1,"3":1,"4":0,"5":0},"f":{"0":1,"1":0,"2":0,"3":0},"b":{}}
,"/home/jacob/Node/RentConnect/src/components/ViewDocumentPage.vue": {"path":"/home/jacob/Node/RentConnect/src/components/ViewDocumentPage.vue","statementMap":{"0":{"start":{"line":2,"column":0},"end":{"line":null,"column":-1}},"1":{"start":{"line":3,"column":0},"end":{"line":null,"column":-1}},"2":{"start":{"line":4,"column":0},"end":{"line":null,"column":-1}},"3":{"start":{"line":6,"column":0},"end":{"line":null,"column":-1}},"4":{"start":{"line":12,"column":4},"end":{"line":null,"column":-1}},"5":{"start":{"line":21,"column":6},"end":{"line":null,"column":-1}},"6":{"start":{"line":30,"column":10},"end":{"line":null,"column":-1}},"7":{"start":{"line":37,"column":13},"end":{"line":null,"column":-1}},"8":{"start":{"line":38,"column":4},"end":{"line":null,"column":-1}},"9":{"start":{"line":40,"column":8},"end":{"line":null,"column":-1}},"10":{"start":{"line":41,"column":8},"end":{"line":null,"column":-1}},"11":{"start":{"line":42,"column":8},"end":{"line":null,"column":-1}},"12":{"start":{"line":43,"column":8},"end":{"line":null,"column":-1}},"13":{"start":{"line":46,"column":8},"end":{"line":null,"column":-1}},"14":{"start":{"line":51,"column":0},"end":{"line":null,"column":-1}}},"fnMap":{"0":{"name":"data","decl":{"start":{"line":8,"column":15},"end":{"line":11,"column":9}},"loc":{"start":{"line":11,"column":10},"end":{"line":8,"column":15}}},"1":{"name":"handleSubmit","decl":{"start":{"line":18,"column":11},"end":{"line":19,"column":19}},"loc":{"start":{"line":19,"column":20},"end":{"line":32,"column":5}}},"2":{"name":"(anonymous_3)","decl":{"start":{"line":26,"column":14},"end":{"line":26,"column":25}},"loc":{"start":{"line":26,"column":26},"end":{"line":21,"column":6}}},"3":{"name":"(anonymous_4)","decl":{"start":{"line":29,"column":15},"end":{"line":29,"column":19}},"loc":{"start":{"line":29,"column":20},"end":{"line":21,"column":6}}},"4":{"name":"mounted","decl":{"start":{"line":8,"column":15},"end":{"line":37,"column":12}},"loc":{"start":{"line":37,"column":13},"end":{"line":48,"column":3}}},"5":{"name":"(anonymous_6)","decl":{"start":{"line":39,"column":12},"end":{"line":39,"column":23}},"loc":{"start":{"line":39,"column":24},"end":{"line":38,"column":4}}},"6":{"name":"(anonymous_7)","decl":{"start":{"line":45,"column":13},"end":{"line":45,"column":17}},"loc":{"start":{"line":45,"column":18},"end":{"line":38,"column":4}}}},"branchMap":{},"s":{"0":1,"1":1,"2":1,"3":1,"4":1,"5":0,"6":0,"7":1,"8":1,"9":0,"10":0,"11":0,"12":0,"13":0,"14":1},"f":{"0":1,"1":0,"2":0,"3":0,"4":1,"5":0,"6":0},"b":{}}
,"/home/jacob/Node/RentConnect/src/components/ViewMaintenanceRequestPage.vue": {"path":"/home/jacob/Node/RentConnect/src/components/ViewMaintenanceRequestPage.vue","statementMap":{"0":{"start":{"line":2,"column":0},"end":{"line":null,"column":-1}},"1":{"start":{"line":3,"column":0},"end":{"line":null,"column":-1}},"2":{"start":{"line":4,"column":0},"end":{"line":null,"column":-1}},"3":{"start":{"line":6,"column":0},"end":{"line":null,"column":-1}},"4":{"start":{"line":11,"column":4},"end":{"line":null,"column":-1}},"5":{"start":{"line":40,"column":28},"end":{"line":40,"column":6}},"6":{"start":{"line":41,"column":6},"end":{"line":43,"column":7}},"7":{"start":{"line":42,"column":8},"end":{"line":null,"column":-1}},"8":{"start":{"line":44,"column":6},"end":{"line":46,"column":7}},"9":{"start":{"line":45,"column":8},"end":{"line":null,"column":-1}},"10":{"start":{"line":47,"column":6},"end":{"line":null,"column":-1}},"11":{"start":{"line":54,"column":10},"end":{"line":null,"column":-1}},"12":{"start":{"line":61,"column":13},"end":{"line":null,"column":-1}},"13":{"start":{"line":62,"column":4},"end":{"line":null,"column":-1}},"14":{"start":{"line":64,"column":8},"end":{"line":null,"column":-1}},"15":{"start":{"line":65,"column":8},"end":{"line":null,"column":-1}},"16":{"start":{"line":66,"column":8},"end":{"line":null,"column":-1}},"17":{"start":{"line":69,"column":8},"end":{"line":null,"column":-1}},"18":{"start":{"line":71,"column":4},"end":{"line":null,"column":-1}},"19":{"start":{"line":73,"column":8},"end":{"line":null,"column":-1}},"20":{"start":{"line":74,"column":8},"end":{"line":null,"column":-1}},"21":{"start":{"line":75,"column":8},"end":{"line":null,"column":-1}},"22":{"start":{"line":76,"column":8},"end":{"line":null,"column":-1}},"23":{"start":{"line":79,"column":8},"end":{"line":null,"column":-1}},"24":{"start":{"line":84,"column":0},"end":{"line":null,"column":-1}}},"fnMap":{"0":{"name":"data","decl":{"start":{"line":8,"column":15},"end":{"line":10,"column":9}},"loc":{"start":{"line":10,"column":10},"end":{"line":8,"column":15}}},"1":{"name":"handleSubmit","decl":{"start":{"line":38,"column":11},"end":{"line":39,"column":19}},"loc":{"start":{"line":39,"column":20},"end":{"line":56,"column":5}}},"2":{"name":"(anonymous_3)","decl":{"start":{"line":50,"column":14},"end":{"line":50,"column":25}},"loc":{"start":{"line":50,"column":26},"end":{"line":47,"column":6}}},"3":{"name":"(anonymous_4)","decl":{"start":{"line":53,"column":15},"end":{"line":53,"column":19}},"loc":{"start":{"line":53,"column":20},"end":{"line":47,"column":6}}},"4":{"name":"mounted","decl":{"start":{"line":8,"column":15},"end":{"line":61,"column":12}},"loc":{"start":{"line":61,"column":13},"end":{"line":81,"column":3}}},"5":{"name":"(anonymous_6)","decl":{"start":{"line":63,"column":12},"end":{"line":63,"column":23}},"loc":{"start":{"line":63,"column":24},"end":{"line":62,"column":4}}},"6":{"name":"(anonymous_7)","decl":{"start":{"line":68,"column":13},"end":{"line":68,"column":17}},"loc":{"start":{"line":68,"column":18},"end":{"line":62,"column":4}}},"7":{"name":"(anonymous_8)","decl":{"start":{"line":72,"column":12},"end":{"line":72,"column":23}},"loc":{"start":{"line":72,"column":24},"end":{"line":71,"column":4}}},"8":{"name":"(anonymous_9)","decl":{"start":{"line":78,"column":13},"end":{"line":78,"column":17}},"loc":{"start":{"line":78,"column":18},"end":{"line":71,"column":4}}}},"branchMap":{"0":{"loc":{"start":{"line":32,"column":16},"end":{"line":32,"column":15}},"type":"binary-expr","locations":[{"start":{"line":32,"column":16},"end":{"line":32,"column":15}},{"start":{"line":32,"column":33},"end":{"line":11,"column":11}}]},"1":{"loc":{"start":{"line":41,"column":6},"end":{"line":43,"column":7}},"type":"if","locations":[{"start":{"line":41,"column":6},"end":{"line":43,"column":7}},{"start":{"line":41,"column":6},"end":{"line":43,"column":7}}]},"2":{"loc":{"start":{"line":44,"column":6},"end":{"line":46,"column":7}},"type":"if","locations":[{"start":{"line":44,"column":6},"end":{"line":46,"column":7}},{"start":{"line":44,"column":6},"end":{"line":46,"column":7}}]}},"s":{"0":1,"1":1,"2":1,"3":1,"4":3,"5":0,"6":0,"7":0,"8":0,"9":0,"10":0,"11":0,"12":3,"13":3,"14":0,"15":0,"16":0,"17":3,"18":3,"19":0,"20":0,"21":0,"22":0,"23":0,"24":1},"f":{"0":3,"1":0,"2":0,"3":0,"4":3,"5":0,"6":3,"7":0,"8":0},"b":{"0":[3,3],"1":[0,0],"2":[0,0]}}
}
