TN:
SF:/home/jacob/Node/RentConnect/src/backend/database.js
FN:11,(anonymous_5)
FN:12,(anonymous_6)
FN:20,(anonymous_8)
FN:21,(anonymous_9)
FNF:4
FNH:0
FNDA:0,(anonymous_5)
FNDA:0,(anonymous_6)
FNDA:0,(anonymous_8)
FNDA:0,(anonymous_9)
DA:1,0
DA:4,0
DA:5,0
DA:8,0
DA:10,0
DA:11,0
DA:12,0
DA:13,0
DA:14,0
DA:15,0
DA:19,0
DA:20,0
DA:21,0
DA:22,0
DA:23,0
DA:24,0
DA:30,0
DA:31,0
DA:32,0
DA:33,0
DA:34,0
DA:37,0
DA:38,0
DA:45,0
LF:24
LH:0
BRDA:13,0,0,0
BRDA:13,0,1,0
BRDA:22,1,0,0
BRDA:22,1,1,0
BRDA:33,2,0,0
BRDA:33,2,1,0
BRF:6
BRH:0
end_of_record
TN:
SF:/home/jacob/Node/RentConnect/src/backend/documentFactory.js
FN:14,getDocumentById
FN:17,(anonymous_1)
FN:21,(anonymous_2)
FN:26,createDocument
FN:32,(anonymous_4)
FN:37,deleteDocument
FN:40,(anonymous_6)
FNF:7
FNH:0
FNDA:0,getDocumentById
FNDA:0,(anonymous_1)
FNDA:0,(anonymous_2)
FNDA:0,createDocument
FNDA:0,(anonymous_4)
FNDA:0,deleteDocument
FNDA:0,(anonymous_6)
DA:1,0
DA:2,0
DA:3,0
DA:4,0
DA:6,0
DA:12,0
DA:15,0
DA:16,0
DA:17,0
DA:18,0
DA:19,0
DA:22,0
DA:27,0
DA:28,0
DA:29,0
DA:33,0
DA:38,0
DA:39,0
DA:41,0
DA:43,0
LF:20
LH:0
BRF:0
BRH:0
end_of_record
TN:
SF:/home/jacob/Node/RentConnect/src/backend/index.js
FN:6,respond
FN:19,(anonymous_2)
FN:49,(anonymous_3)
FN:88,(anonymous_4)
FN:91,(anonymous_5)
FN:99,(anonymous_6)
FN:112,(anonymous_7)
FN:113,(anonymous_8)
FN:124,(anonymous_9)
FN:152,(anonymous_10)
FN:153,(anonymous_11)
FN:160,(anonymous_12)
FN:161,(anonymous_13)
FN:168,(anonymous_14)
FN:169,(anonymous_15)
FN:178,(anonymous_16)
FN:194,(anonymous_17)
FN:198,(anonymous_18)
FN:205,(anonymous_19)
FN:206,(anonymous_20)
FN:214,(anonymous_21)
FN:244,(anonymous_22)
FN:271,(anonymous_23)
FN:299,(anonymous_24)
FN:320,(anonymous_25)
FN:336,(anonymous_26)
FNF:26
FNH:0
FNDA:0,respond
FNDA:0,(anonymous_2)
FNDA:0,(anonymous_3)
FNDA:0,(anonymous_4)
FNDA:0,(anonymous_5)
FNDA:0,(anonymous_6)
FNDA:0,(anonymous_7)
FNDA:0,(anonymous_8)
FNDA:0,(anonymous_9)
FNDA:0,(anonymous_10)
FNDA:0,(anonymous_11)
FNDA:0,(anonymous_12)
FNDA:0,(anonymous_13)
FNDA:0,(anonymous_14)
FNDA:0,(anonymous_15)
FNDA:0,(anonymous_16)
FNDA:0,(anonymous_17)
FNDA:0,(anonymous_18)
FNDA:0,(anonymous_19)
FNDA:0,(anonymous_20)
FNDA:0,(anonymous_21)
FNDA:0,(anonymous_22)
FNDA:0,(anonymous_23)
FNDA:0,(anonymous_24)
FNDA:0,(anonymous_25)
FNDA:0,(anonymous_26)
DA:1,0
DA:2,0
DA:3,0
DA:4,0
DA:7,0
DA:8,0
DA:11,0
DA:13,0
DA:15,0
DA:18,0
DA:21,0
DA:22,0
DA:23,0
DA:27,0
DA:28,0
DA:29,0
DA:33,0
DA:34,0
DA:35,0
DA:40,0
DA:48,0
DA:51,0
DA:52,0
DA:53,0
DA:59,0
DA:60,0
DA:61,0
DA:67,0
DA:68,0
DA:69,0
DA:76,0
DA:77,0
DA:87,0
DA:91,0
DA:92,0
DA:93,0
DA:98,0
DA:100,0
DA:101,0
DA:102,0
DA:111,0
DA:113,0
DA:114,0
DA:115,0
DA:123,0
DA:139,0
DA:146,0
DA:151,0
DA:153,0
DA:154,0
DA:155,0
DA:159,0
DA:161,0
DA:162,0
DA:163,0
DA:167,0
DA:169,0
DA:170,0
DA:171,0
DA:177,0
DA:185,0
DA:193,0
DA:198,0
DA:199,0
DA:200,0
DA:204,0
DA:206,0
DA:207,0
DA:208,0
DA:213,0
DA:215,0
DA:243,0
DA:245,0
DA:270,0
DA:272,0
DA:298,0
DA:300,0
DA:319,0
DA:321,0
DA:336,0
DA:337,0
LF:81
LH:0
BRDA:21,0,0,0
BRDA:21,0,1,0
BRDA:27,1,0,0
BRDA:27,1,1,0
BRDA:33,2,0,0
BRDA:33,2,1,0
BRDA:51,3,0,0
BRDA:51,3,1,0
BRDA:59,4,0,0
BRDA:59,4,1,0
BRDA:67,5,0,0
BRDA:67,5,1,0
BRF:12
BRH:0
end_of_record
TN:
SF:/home/jacob/Node/RentConnect/src/backend/propertyFactory.js
FN:13,getPropertyById
FN:16,(anonymous_1)
FN:20,(anonymous_2)
FN:25,createProperty
FN:30,(anonymous_4)
FN:37,deleteProperty
FN:40,(anonymous_6)
FN:46,getPropertiesByLandlordId
FN:49,(anonymous_8)
FN:53,(anonymous_9)
FN:60,getTenantDetsByPropertyId
FN:63,(anonymous_11)
FN:65,(anonymous_12)
FN:69,(anonymous_13)
FN:74,addTenant
FN:78,(anonymous_15)
FN:84,removeTenant
FN:87,(anonymous_17)
FN:96,setDatabase
FNF:19
FNH:0
FNDA:0,getPropertyById
FNDA:0,(anonymous_1)
FNDA:0,(anonymous_2)
FNDA:0,createProperty
FNDA:0,(anonymous_4)
FNDA:0,deleteProperty
FNDA:0,(anonymous_6)
FNDA:0,getPropertiesByLandlordId
FNDA:0,(anonymous_8)
FNDA:0,(anonymous_9)
FNDA:0,getTenantDetsByPropertyId
FNDA:0,(anonymous_11)
FNDA:0,(anonymous_12)
FNDA:0,(anonymous_13)
FNDA:0,addTenant
FNDA:0,(anonymous_15)
FNDA:0,removeTenant
FNDA:0,(anonymous_17)
FNDA:0,setDatabase
DA:1,0
DA:2,0
DA:3,0
DA:5,0
DA:11,0
DA:14,0
DA:15,0
DA:16,0
DA:17,0
DA:18,0
DA:21,0
DA:26,0
DA:27,0
DA:31,0
DA:32,0
DA:38,0
DA:39,0
DA:42,0
DA:47,0
DA:48,0
DA:49,0
DA:50,0
DA:51,0
DA:54,0
DA:61,0
DA:62,0
DA:63,0
DA:64,0
DA:66,0
DA:67,0
DA:70,0
DA:75,0
DA:76,0
DA:79,0
DA:85,0
DA:86,0
DA:88,0
DA:90,0
DA:97,0
LF:39
LH:0
BRF:0
BRH:0
end_of_record
TN:
SF:/home/jacob/Node/RentConnect/src/backend/userFactory.js
FN:21,getUserById
FN:24,(anonymous_1)
FN:28,(anonymous_2)
FN:33,getUserByUsername
FN:37,getBasicDetails
FN:40,(anonymous_5)
FN:44,(anonymous_6)
FN:49,getBasicDetForUsers
FN:54,(anonymous_8)
FN:58,(anonymous_9)
FN:63,createUser
FN:68,(anonymous_11)
FN:74,deleteUser
FN:77,(anonymous_13)
FN:87,convertRole
FN:105,convertRoleToInt
FN:125,setDatabase
FNF:17
FNH:0
FNDA:0,getUserById
FNDA:0,(anonymous_1)
FNDA:0,(anonymous_2)
FNDA:0,getUserByUsername
FNDA:0,getBasicDetails
FNDA:0,(anonymous_5)
FNDA:0,(anonymous_6)
FNDA:0,getBasicDetForUsers
FNDA:0,(anonymous_8)
FNDA:0,(anonymous_9)
FNDA:0,createUser
FNDA:0,(anonymous_11)
FNDA:0,deleteUser
FNDA:0,(anonymous_13)
FNDA:0,convertRole
FNDA:0,convertRoleToInt
FNDA:0,setDatabase
DA:10,0
DA:11,0
DA:13,0
DA:19,0
DA:21,0
DA:22,0
DA:23,0
DA:24,0
DA:25,0
DA:26,0
DA:29,0
DA:30,0
DA:38,0
DA:39,0
DA:40,0
DA:41,0
DA:42,0
DA:45,0
DA:50,0
DA:51,0
DA:52,0
DA:53,0
DA:54,0
DA:55,0
DA:56,0
DA:59,0
DA:65,0
DA:66,0
DA:69,0
DA:70,0
DA:75,0
DA:76,0
DA:78,0
DA:80,0
DA:88,0
DA:90,0
DA:91,0
DA:93,0
DA:94,0
DA:96,0
DA:97,0
DA:99,0
DA:100,0
DA:102,0
DA:106,0
DA:108,0
DA:109,0
DA:111,0
DA:112,0
DA:114,0
DA:115,0
DA:117,0
DA:118,0
DA:120,0
DA:126,0
LF:55
LH:0
BRDA:89,0,0,0
BRDA:89,0,1,0
BRDA:89,0,2,0
BRDA:89,0,3,0
BRDA:107,1,0,0
BRDA:107,1,1,0
BRDA:107,1,2,0
BRDA:107,1,3,0
BRF:8
BRH:0
end_of_record
TN:
SF:/home/jacob/Node/RentConnect/src/components/AllMaintenanceRequestsPage.vue
FN:6,data
FN:6,mounted
FN:21,(anonymous_3)
FN:25,(anonymous_4)
FNF:4
FNH:3
FNDA:1,data
FNDA:1,mounted
FNDA:0,(anonymous_3)
FNDA:1,(anonymous_4)
DA:2,1
DA:3,1
DA:4,1
DA:9,1
DA:17,1
DA:19,1
DA:20,1
DA:22,0
DA:23,0
DA:26,1
DA:31,1
DA:37,1
LF:12
LH:10
BRF:0
BRH:0
end_of_record
TN:
SF:/home/jacob/Node/RentConnect/src/components/ApplicationPage.vue
FN:5,data
FN:106,handleSubmit
FN:112,(anonymous_3)
FN:115,(anonymous_4)
FNF:4
FNH:1
FNDA:1,data
FNDA:0,handleSubmit
FNDA:0,(anonymous_3)
FNDA:0,(anonymous_4)
DA:2,1
DA:3,1
DA:8,1
DA:109,0
DA:113,0
DA:116,0
DA:122,1
LF:7
LH:4
BRF:0
BRH:0
end_of_record
TN:
SF:/home/jacob/Node/RentConnect/src/components/BulkNotificationPage.vue
FN:8,data
FN:46,handleSubmit
FN:52,(anonymous_3)
FN:55,(anonymous_4)
FNF:4
FNH:1
FNDA:1,data
FNDA:0,handleSubmit
FNDA:0,(anonymous_3)
FNDA:0,(anonymous_4)
DA:2,1
DA:3,1
DA:4,1
DA:6,1
DA:11,1
DA:49,0
DA:56,0
DA:62,1
LF:8
LH:6
BRF:0
BRH:0
end_of_record
TN:
SF:/home/jacob/Node/RentConnect/src/components/EditListingPage.vue
FN:5,data
FN:45,handleSubmit
FN:51,(anonymous_3)
FN:54,(anonymous_4)
FN:5,mounted
FN:62,(anonymous_6)
FN:68,(anonymous_7)
FNF:7
FNH:2
FNDA:1,data
FNDA:0,handleSubmit
FNDA:0,(anonymous_3)
FNDA:0,(anonymous_4)
FNDA:1,mounted
FNDA:0,(anonymous_6)
FNDA:0,(anonymous_7)
DA:2,1
DA:3,1
DA:8,1
DA:48,0
DA:55,0
DA:59,1
DA:60,1
DA:61,0
DA:63,0
DA:64,0
DA:65,0
DA:66,0
DA:69,0
DA:75,1
LF:14
LH:6
BRDA:60,0,0,0
BRDA:60,0,1,0
BRF:2
BRH:0
end_of_record
TN:
SF:/home/jacob/Node/RentConnect/src/components/FinancesPage.vue
FN:6,data
FN:6,mounted
FN:33,(anonymous_3)
FN:36,(anonymous_4)
FN:40,(anonymous_5)
FN:43,(anonymous_6)
FNF:6
FNH:2
FNDA:1,data
FNDA:1,mounted
FNDA:0,(anonymous_3)
FNDA:0,(anonymous_4)
FNDA:0,(anonymous_5)
FNDA:0,(anonymous_6)
DA:2,1
DA:3,1
DA:4,1
DA:9,1
DA:24,1
DA:26,1
DA:28,0
DA:30,0
DA:32,0
DA:34,0
DA:37,0
DA:39,0
DA:41,0
DA:44,0
DA:49,1
DA:54,1
LF:16
LH:8
BRDA:26,0,0,0
BRDA:26,0,1,0
BRF:2
BRH:0
end_of_record
TN:
SF:/home/jacob/Node/RentConnect/src/components/IndexPage.vue
FN:2,data
FNF:1
FNH:1
FNDA:1,data
DA:5,1
LF:1
LH:1
BRF:0
BRH:0
end_of_record
TN:
SF:/home/jacob/Node/RentConnect/src/components/LandlordPortal.vue
FN:4,data
FNF:1
FNH:1
FNDA:1,data
DA:2,1
DA:7,1
LF:2
LH:2
BRF:0
BRH:0
end_of_record
TN:
SF:/home/jacob/Node/RentConnect/src/components/LoginPage.vue
FN:7,data
FN:27,handleSubmit
FN:32,(anonymous_3)
FN:41,(anonymous_4)
FNF:4
FNH:1
FNDA:1,data
FNDA:0,handleSubmit
FNDA:0,(anonymous_3)
FNDA:0,(anonymous_4)
DA:2,1
DA:3,1
DA:5,1
DA:10,1
DA:28,0
DA:29,0
DA:34,0
DA:35,0
DA:37,0
DA:38,0
DA:42,0
LF:11
LH:4
BRDA:34,0,0,0
BRDA:34,0,1,0
BRF:2
BRH:0
end_of_record
TN:
SF:/home/jacob/Node/RentConnect/src/components/MaintenancePortal.vue
FN:4,data
FNF:1
FNH:1
FNDA:1,data
DA:2,1
DA:7,1
DA:29,1
LF:3
LH:3
BRF:0
BRH:0
end_of_record
TN:
SF:/home/jacob/Node/RentConnect/src/components/ManageDocumentsPage.vue
FN:8,data
FN:30,handleSubmit
FN:37,(anonymous_3)
FN:40,(anonymous_4)
FN:8,mounted
FN:51,(anonymous_6)
FN:55,(anonymous_7)
FNF:7
FNH:3
FNDA:1,data
FNDA:0,handleSubmit
FNDA:0,(anonymous_3)
FNDA:0,(anonymous_4)
FNDA:1,mounted
FNDA:0,(anonymous_6)
FNDA:1,(anonymous_7)
DA:2,1
DA:3,1
DA:4,1
DA:6,1
DA:11,1
DA:33,0
DA:34,0
DA:41,0
DA:48,1
DA:49,1
DA:50,1
DA:52,0
DA:53,0
DA:56,1
DA:61,1
LF:15
LH:10
BRF:0
BRH:0
end_of_record
TN:
SF:/home/jacob/Node/RentConnect/src/components/MyPropertiesPage.vue
FN:8,data
FN:8,mounted
FN:21,(anonymous_3)
FN:24,(anonymous_4)
FN:27,(anonymous_5)
FN:31,(anonymous_6)
FNF:6
FNH:3
FNDA:1,data
FNDA:1,mounted
FNDA:0,(anonymous_3)
FNDA:0,(anonymous_4)
FNDA:0,(anonymous_5)
FNDA:1,(anonymous_6)
DA:2,1
DA:3,1
DA:4,1
DA:6,1
DA:11,1
DA:19,1
DA:20,1
DA:22,0
DA:23,0
DA:25,0
DA:28,0
DA:32,1
DA:37,1
LF:13
LH:9
BRF:0
BRH:0
end_of_record
TN:
SF:/home/jacob/Node/RentConnect/src/components/ProcessApplicationPage.vue
FN:5,data
FN:119,handleSubmit
FN:127,(anonymous_3)
FN:130,(anonymous_4)
FNF:4
FNH:1
FNDA:1,data
FNDA:0,handleSubmit
FNDA:0,(anonymous_3)
FNDA:0,(anonymous_4)
DA:2,1
DA:3,1
DA:8,1
DA:121,0
DA:122,0
DA:124,0
DA:131,0
DA:143,1
LF:8
LH:4
BRDA:122,0,0,0
BRDA:122,0,1,0
BRF:2
BRH:0
end_of_record
TN:
SF:/home/jacob/Node/RentConnect/src/components/RegisterPage.vue
FN:7,data
FN:55,handleSubmit
FN:60,(anonymous_3)
FN:74,(anonymous_4)
FNF:4
FNH:1
FNDA:1,data
FNDA:0,handleSubmit
FNDA:0,(anonymous_3)
FNDA:0,(anonymous_4)
DA:2,1
DA:3,1
DA:5,1
DA:10,1
DA:56,0
DA:57,0
DA:62,0
DA:64,0
DA:65,0
DA:67,0
DA:68,0
DA:70,0
DA:71,0
DA:75,0
LF:14
LH:4
BRDA:63,0,0,0
BRDA:63,0,1,0
BRDA:63,0,2,0
BRF:3
BRH:0
end_of_record
TN:
SF:/home/jacob/Node/RentConnect/src/components/Sidebar.vue
FN:3,data
FN:3,mounted
FN:16,(anonymous_3)
FN:21,(anonymous_4)
FNF:4
FNH:3
FNDA:1,data
FNDA:1,mounted
FNDA:0,(anonymous_3)
FNDA:1,(anonymous_4)
DA:2,1
DA:6,1
DA:13,1
DA:15,1
DA:17,0
DA:18,0
DA:19,0
DA:22,1
LF:8
LH:5
BRF:0
BRH:0
end_of_record
TN:
SF:/home/jacob/Node/RentConnect/src/components/SubmitMaintenanceRequestPage.vue
FN:7,data
FN:33,handleSubmit
FN:39,(anonymous_3)
FN:43,(anonymous_4)
FNF:4
FNH:1
FNDA:1,data
FNDA:0,handleSubmit
FNDA:0,(anonymous_3)
FNDA:0,(anonymous_4)
DA:2,1
DA:3,1
DA:5,1
DA:10,1
DA:34,0
DA:36,0
DA:41,0
DA:44,0
LF:8
LH:4
BRF:0
BRH:0
end_of_record
TN:
SF:/home/jacob/Node/RentConnect/src/components/TenantPortal.vue
FN:6,data
FNF:1
FNH:1
FNDA:1,data
DA:2,1
DA:4,1
DA:9,1
LF:3
LH:3
BRF:0
BRH:0
end_of_record
TN:
SF:/home/jacob/Node/RentConnect/src/components/UIComponents.vue
FN:3,data
FN:3,collapse
FNF:2
FNH:0
FNDA:0,data
FNDA:0,collapse
DA:2,17
DA:8,0
DA:12,0
DA:13,0
DA:14,0
DA:15,0
DA:17,0
DA:18,0
DA:19,0
DA:20,0
DA:22,0
DA:25,17
DA:30,17
DA:36,17
DA:41,17
LF:15
LH:5
BRF:0
BRH:0
end_of_record
TN:
SF:/home/jacob/Node/RentConnect/src/components/UserProfile.vue
FN:7,data
FN:58,handleSubmit
FN:64,(anonymous_3)
FN:67,(anonymous_4)
FNF:4
FNH:1
FNDA:1,data
FNDA:0,handleSubmit
FNDA:0,(anonymous_3)
FNDA:0,(anonymous_4)
DA:2,1
DA:3,1
DA:5,1
DA:10,1
DA:61,0
DA:68,0
LF:6
LH:4
BRF:0
BRH:0
end_of_record
TN:
SF:/home/jacob/Node/RentConnect/src/components/ViewDocumentPage.vue
FN:8,data
FN:18,handleSubmit
FN:26,(anonymous_3)
FN:29,(anonymous_4)
FN:8,mounted
FN:39,(anonymous_6)
FN:45,(anonymous_7)
FNF:7
FNH:2
FNDA:1,data
FNDA:0,handleSubmit
FNDA:0,(anonymous_3)
FNDA:0,(anonymous_4)
FNDA:1,mounted
FNDA:0,(anonymous_6)
FNDA:0,(anonymous_7)
DA:2,1
DA:3,1
DA:4,1
DA:6,1
DA:12,1
DA:21,0
DA:30,0
DA:37,1
DA:38,1
DA:40,0
DA:41,0
DA:42,0
DA:43,0
DA:46,0
DA:51,1
LF:15
LH:8
BRF:0
BRH:0
end_of_record
TN:
SF:/home/jacob/Node/RentConnect/src/components/ViewMaintenanceRequestPage.vue
FN:8,data
FN:38,handleSubmit
FN:50,(anonymous_3)
FN:53,(anonymous_4)
FN:8,mounted
FN:63,(anonymous_6)
FN:68,(anonymous_7)
FN:72,(anonymous_8)
FN:78,(anonymous_9)
FNF:9
FNH:3
FNDA:3,data
FNDA:0,handleSubmit
FNDA:0,(anonymous_3)
FNDA:0,(anonymous_4)
FNDA:3,mounted
FNDA:0,(anonymous_6)
FNDA:3,(anonymous_7)
FNDA:0,(anonymous_8)
FNDA:0,(anonymous_9)
DA:2,1
DA:3,1
DA:4,1
DA:6,1
DA:11,3
DA:40,0
DA:41,0
DA:42,0
DA:44,0
DA:45,0
DA:47,0
DA:54,0
DA:61,3
DA:62,3
DA:64,0
DA:65,0
DA:66,0
DA:69,3
DA:71,3
DA:73,0
DA:74,0
DA:75,0
DA:76,0
DA:79,0
DA:84,1
LF:25
LH:10
BRDA:32,0,0,3
BRDA:32,0,1,3
BRDA:41,1,0,0
BRDA:41,1,1,0
BRDA:44,2,0,0
BRDA:44,2,1,0
BRF:6
BRH:2
end_of_record
