TN:
SF:D:\qkenn\workspace\RentConnect\src\backend\index.js
FN:3,respond
FN:13,(anonymous_1)
FN:19,(anonymous_2)
FN:24,(anonymous_3)
FNF:4
FNH:0
FNDA:0,respond
FNDA:0,(anonymous_1)
FNDA:0,(anonymous_2)
FNDA:0,(anonymous_3)
DA:1,0
DA:4,0
DA:5,0
DA:8,0
DA:9,0
DA:10,0
DA:12,0
DA:18,0
DA:24,0
DA:25,0
LF:10
LH:0
BRF:0
BRH:0
end_of_record
TN:
SF:D:\qkenn\workspace\RentConnect\src\backend\userFactory.js
FN:18,getUserById
FN:22,(anonymous_1)
FN:32,createUser
FN:37,(anonymous_3)
FNF:4
FNH:0
FNDA:0,getUserById
FNDA:0,(anonymous_1)
FNDA:0,createUser
FNDA:0,(anonymous_3)
DA:10,0
DA:11,0
DA:19,0
DA:20,0
DA:21,0
DA:23,0
DA:24,0
DA:25,0
DA:27,0
DA:28,0
DA:33,0
DA:34,0
DA:38,0
DA:40,0
LF:14
LH:0
BRDA:23,0,0,0
BRDA:23,0,1,0
BRDA:38,1,0,0
BRDA:38,1,1,0
BRF:4
BRH:0
end_of_record
TN:
SF:D:\qkenn\workspace\RentConnect\src\components\HelloWorld.vue
FN:2,data
FNF:1
FNH:1
FNDA:1,data
DA:5,1
LF:1
LH:1
BRF:0
BRH:0
end_of_record
